#
# There is insufficient memory for the Java Runtime Environment to continue.
# Native memory allocation (malloc) failed to allocate 1019536 bytes for Chunk::new
# Possible reasons:
#   The system is out of physical RAM or swap space
#   The process is running with CompressedOops enabled, and the Java Heap may be blocking the growth of the native heap
# Possible solutions:
#   Reduce memory load on the system
#   Increase physical memory or swap space
#   Check if swap backing store is full
#   Decrease Java heap size (-Xmx/-Xms)
#   Decrease number of Java threads
#   Decrease Java thread stack sizes (-Xss)
#   Set larger code cache with -XX:ReservedCodeCacheSize=
#   JVM is running with Unscaled Compressed Oops mode in which the Java heap is
#     placed in the first 4GB address space. The Java Heap base address is the
#     maximum limit for the native heap growth. Please use -XX:HeapBaseMinAddress
#     to set the Java Heap base and to place the Java Heap above 4GB virtual address.
# This output file may be truncated or incomplete.
#
#  Out of Memory Error (arena.cpp:189), pid=5096, tid=9500
#
# JRE version: Java(TM) SE Runtime Environment (17.0.7+8) (build 17.0.7+8-LTS-224)
# Java VM: Java HotSpot(TM) 64-Bit Server VM (17.0.7+8-LTS-224, mixed mode, sharing, tiered, compressed oops, compressed class ptrs, g1 gc, windows-amd64)
# No core dump will be written. Minidumps are not enabled by default on client versions of Windows
#

---------------  S U M M A R Y ------------

Command Line: -agentlib:jdwp=transport=dt_socket,server=n,suspend=y,address=localhost:57239 -XX:+ShowCodeDetailsInExceptionMessages com.example.login.auth.api.Application

Host: 11th Gen Intel(R) Core(TM) i5-1135G7 @ 2.40GHz, 8 cores, 7G,  Windows 11 , 64 bit Build 22621 (10.0.22621.3374)
Time: Tue May 21 23:05:33 2024 Hora oficial do Brasil elapsed time: 2.537646 seconds (0d 0h 0m 2s)

---------------  T H R E A D  ---------------

Current thread (0x00000254854c5fe0):  JavaThread "C2 CompilerThread1" daemon [_thread_in_native, id=9500, stack(0x000000ee46000000,0x000000ee46100000)]


Current CompileTask:
C2:   2537 2987       4       org.springframework.beans.factory.support.AbstractBeanFactory::isTypeMatch (745 bytes)

Stack: [0x000000ee46000000,0x000000ee46100000]
Native frames: (J=compiled Java code, j=interpreted, Vv=VM code, C=native code)
V  [jvm.dll+0x676a4a]
V  [jvm.dll+0x7d74f4]
V  [jvm.dll+0x7d8c9e]
V  [jvm.dll+0x7d9303]
V  [jvm.dll+0x2452c5]
V  [jvm.dll+0xaaa2b]
V  [jvm.dll+0xaafcc]
V  [jvm.dll+0x3613cf]
V  [jvm.dll+0x1bb36a]
V  [jvm.dll+0x217c27]
V  [jvm.dll+0x216f01]
V  [jvm.dll+0x1a35e0]
V  [jvm.dll+0x226a6e]
V  [jvm.dll+0x224e15]
V  [jvm.dll+0x78d05c]
V  [jvm.dll+0x78759a]
V  [jvm.dll+0x675875]
C  [ucrtbase.dll+0x29333]
C  [KERNEL32.DLL+0x1257d]
C  [ntdll.dll+0x5aa48]


---------------  P R O C E S S  ---------------

Threads class SMR info:
_java_thread_list=0x00000254875b6530, length=18, elements={
0x00000254e570ac50, 0x00000254ff744ec0, 0x00000254ff745780, 0x00000254ff7585f0,
0x00000254ff758eb0, 0x00000254ff759770, 0x00000254ff75b7e0, 0x00000254ff75cc20,
0x00000254ff75e180, 0x00000254ff75f220, 0x0000025484a1a2d0, 0x0000025484a1e380,
0x0000025484a20b80, 0x0000025484a23760, 0x0000025484a26720, 0x00000254854c5fe0,
0x00000254860f0e00, 0x0000025485a7d030
}

Java Threads: ( => current thread )
  0x00000254e570ac50 JavaThread "main" [_thread_blocked, id=13820, stack(0x000000ee44a00000,0x000000ee44b00000)]
  0x00000254ff744ec0 JavaThread "Reference Handler" daemon [_thread_blocked, id=29140, stack(0x000000ee45100000,0x000000ee45200000)]
  0x00000254ff745780 JavaThread "Finalizer" daemon [_thread_blocked, id=22728, stack(0x000000ee45200000,0x000000ee45300000)]
  0x00000254ff7585f0 JavaThread "Signal Dispatcher" daemon [_thread_blocked, id=17984, stack(0x000000ee45300000,0x000000ee45400000)]
  0x00000254ff758eb0 JavaThread "Attach Listener" daemon [_thread_blocked, id=18216, stack(0x000000ee45400000,0x000000ee45500000)]
  0x00000254ff759770 JavaThread "Service Thread" daemon [_thread_blocked, id=23312, stack(0x000000ee45500000,0x000000ee45600000)]
  0x00000254ff75b7e0 JavaThread "Monitor Deflation Thread" daemon [_thread_blocked, id=12596, stack(0x000000ee45600000,0x000000ee45700000)]
  0x00000254ff75cc20 JavaThread "C2 CompilerThread0" daemon [_thread_in_native, id=22804, stack(0x000000ee45700000,0x000000ee45800000)]
  0x00000254ff75e180 JavaThread "C1 CompilerThread0" daemon [_thread_blocked, id=13328, stack(0x000000ee45800000,0x000000ee45900000)]
  0x00000254ff75f220 JavaThread "Sweeper thread" daemon [_thread_blocked, id=33468, stack(0x000000ee45900000,0x000000ee45a00000)]
  0x0000025484a1a2d0 JavaThread "JDWP Transport Listener: dt_socket" daemon [_thread_blocked, id=17888, stack(0x000000ee45a00000,0x000000ee45b00000)]
  0x0000025484a1e380 JavaThread "JDWP Event Helper Thread" daemon [_thread_blocked, id=33716, stack(0x000000ee45b00000,0x000000ee45c00000)]
  0x0000025484a20b80 JavaThread "JDWP Command Reader" daemon [_thread_in_native, id=9248, stack(0x000000ee45c00000,0x000000ee45d00000)]
  0x0000025484a23760 JavaThread "Notification Thread" daemon [_thread_blocked, id=33336, stack(0x000000ee45d00000,0x000000ee45e00000)]
  0x0000025484a26720 JavaThread "Common-Cleaner" daemon [_thread_blocked, id=20900, stack(0x000000ee45f00000,0x000000ee46000000)]
=>0x00000254854c5fe0 JavaThread "C2 CompilerThread1" daemon [_thread_in_native, id=9500, stack(0x000000ee46000000,0x000000ee46100000)]
  0x00000254860f0e00 JavaThread "Thread-0" [_thread_blocked, id=8868, stack(0x000000ee46100000,0x000000ee46200000)]
  0x0000025485a7d030 JavaThread "restartedMain" [_thread_in_vm, id=36536, stack(0x000000ee46200000,0x000000ee46300000)]

Other Threads:
  0x00000254ff73ee70 VMThread "VM Thread" [stack: 0x000000ee45000000,0x000000ee45100000] [id=27512]
  0x0000025484a25040 WatcherThread [stack: 0x000000ee45e00000,0x000000ee45f00000] [id=18072]
  0x00000254e576ab30 GCTaskThread "GC Thread#0" [stack: 0x000000ee44b00000,0x000000ee44c00000] [id=35684]
  0x0000025485b65710 GCTaskThread "GC Thread#1" [stack: 0x000000ee46300000,0x000000ee46400000] [id=31480]
  0x0000025485b659c0 GCTaskThread "GC Thread#2" [stack: 0x000000ee46400000,0x000000ee46500000] [id=25256]
  0x0000025485b65c70 GCTaskThread "GC Thread#3" [stack: 0x000000ee46500000,0x000000ee46600000] [id=33448]
  0x0000025485b65f20 GCTaskThread "GC Thread#4" [stack: 0x000000ee46600000,0x000000ee46700000] [id=7872]
  0x0000025485b661d0 GCTaskThread "GC Thread#5" [stack: 0x000000ee46700000,0x000000ee46800000] [id=9392]
  0x0000025485df22e0 GCTaskThread "GC Thread#6" [stack: 0x000000ee46800000,0x000000ee46900000] [id=29156]
  0x0000025485fd0110 GCTaskThread "GC Thread#7" [stack: 0x000000ee46a00000,0x000000ee46b00000] [id=10120]
  0x00000254e577c150 ConcurrentGCThread "G1 Main Marker" [stack: 0x000000ee44c00000,0x000000ee44d00000] [id=19552]
  0x00000254e577ea90 ConcurrentGCThread "G1 Conc#0" [stack: 0x000000ee44d00000,0x000000ee44e00000] [id=15052]
  0x00000254e57ce860 ConcurrentGCThread "G1 Refine#0" [stack: 0x000000ee44e00000,0x000000ee44f00000] [id=32152]
  0x00000254ff5fa350 ConcurrentGCThread "G1 Service" [stack: 0x000000ee44f00000,0x000000ee45000000] [id=16320]

Threads with active compile tasks:
C2 CompilerThread0     2570 2800   !   4       jdk.internal.loader.URLClassPath$JarLoader::getResource (354 bytes)
C2 CompilerThread1     2570 2987       4       org.springframework.beans.factory.support.AbstractBeanFactory::isTypeMatch (745 bytes)

VM state: not at safepoint (normal execution)

VM Mutex/Monitor currently owned by a thread: None

Heap address: 0x0000000084200000, size: 1982 MB, Compressed Oops mode: 32-bit

CDS archive(s) mapped at: [0x0000000800000000-0x0000000800bd0000-0x0000000800bd0000), size 12386304, SharedBaseAddress: 0x0000000800000000, ArchiveRelocationMode: 0.
Compressed class space mapped at: 0x0000000800c00000-0x0000000840c00000, reserved size: 1073741824
Narrow klass base: 0x0000000800000000, Narrow klass shift: 0, Narrow klass range: 0x100000000

GC Precious Log:
 CPUs: 8 total, 8 available
 Memory: 7926M
 Large Page Support: Disabled
 NUMA Support: Disabled
 Compressed Oops: Enabled (32-bit)
 Heap Region Size: 1M
 Heap Min Capacity: 8M
 Heap Initial Capacity: 124M
 Heap Max Capacity: 1982M
 Pre-touch: Disabled
 Parallel Workers: 8
 Concurrent Workers: 2
 Concurrent Refinement Workers: 8
 Periodic GC: Disabled

Heap:
 garbage-first heap   total 126976K, used 60639K [0x0000000084200000, 0x0000000100000000)
  region size 1024K, 54 young (55296K), 3 survivors (3072K)
 Metaspace       used 20826K, committed 21120K, reserved 1073152K
  class space    used 2547K, committed 2688K, reserved 1048576K

Heap Regions: E=young(eden), S=young(survivor), O=old, HS=humongous(starts), HC=humongous(continues), CS=collection set, F=free, OA=open archive, CA=closed archive, TAMS=top-at-mark-start (previous, next)
|   0|0x0000000084200000, 0x0000000084300000, 0x0000000084300000|100%|HS|  |TAMS 0x0000000084200000, 0x0000000084200000| Complete 
|   1|0x0000000084300000, 0x0000000084400000, 0x0000000084400000|100%| O|  |TAMS 0x0000000084300000, 0x0000000084300000| Untracked 
|   2|0x0000000084400000, 0x0000000084500000, 0x0000000084500000|100%| O|  |TAMS 0x0000000084400000, 0x0000000084400000| Untracked 
|   3|0x0000000084500000, 0x0000000084600000, 0x0000000084600000|100%| O|  |TAMS 0x0000000084500000, 0x0000000084500000| Untracked 
|   4|0x0000000084600000, 0x0000000084700000, 0x0000000084700000|100%| O|  |TAMS 0x0000000084600000, 0x0000000084600000| Untracked 
|   5|0x0000000084700000, 0x0000000084800000, 0x0000000084800000|100%| O|  |TAMS 0x0000000084700000, 0x0000000084700000| Untracked 
|   6|0x0000000084800000, 0x00000000848b2200, 0x0000000084900000| 69%| O|  |TAMS 0x0000000084800000, 0x0000000084800000| Untracked 
|   7|0x0000000084900000, 0x0000000084900000, 0x0000000084a00000|  0%| F|  |TAMS 0x0000000084900000, 0x0000000084900000| Untracked 
|   8|0x0000000084a00000, 0x0000000084a00000, 0x0000000084b00000|  0%| F|  |TAMS 0x0000000084a00000, 0x0000000084a00000| Untracked 
|   9|0x0000000084b00000, 0x0000000084b00000, 0x0000000084c00000|  0%| F|  |TAMS 0x0000000084b00000, 0x0000000084b00000| Untracked 
|  10|0x0000000084c00000, 0x0000000084c00000, 0x0000000084d00000|  0%| F|  |TAMS 0x0000000084c00000, 0x0000000084c00000| Untracked 
|  11|0x0000000084d00000, 0x0000000084d00000, 0x0000000084e00000|  0%| F|  |TAMS 0x0000000084d00000, 0x0000000084d00000| Untracked 
|  12|0x0000000084e00000, 0x0000000084e00000, 0x0000000084f00000|  0%| F|  |TAMS 0x0000000084e00000, 0x0000000084e00000| Untracked 
|  13|0x0000000084f00000, 0x0000000084f00000, 0x0000000085000000|  0%| F|  |TAMS 0x0000000084f00000, 0x0000000084f00000| Untracked 
|  14|0x0000000085000000, 0x0000000085000000, 0x0000000085100000|  0%| F|  |TAMS 0x0000000085000000, 0x0000000085000000| Untracked 
|  15|0x0000000085100000, 0x0000000085100000, 0x0000000085200000|  0%| F|  |TAMS 0x0000000085100000, 0x0000000085100000| Untracked 
|  16|0x0000000085200000, 0x0000000085200000, 0x0000000085300000|  0%| F|  |TAMS 0x0000000085200000, 0x0000000085200000| Untracked 
|  17|0x0000000085300000, 0x0000000085300000, 0x0000000085400000|  0%| F|  |TAMS 0x0000000085300000, 0x0000000085300000| Untracked 
|  18|0x0000000085400000, 0x0000000085400000, 0x0000000085500000|  0%| F|  |TAMS 0x0000000085400000, 0x0000000085400000| Untracked 
|  19|0x0000000085500000, 0x0000000085500000, 0x0000000085600000|  0%| F|  |TAMS 0x0000000085500000, 0x0000000085500000| Untracked 
|  20|0x0000000085600000, 0x0000000085600000, 0x0000000085700000|  0%| F|  |TAMS 0x0000000085600000, 0x0000000085600000| Untracked 
|  21|0x0000000085700000, 0x0000000085700000, 0x0000000085800000|  0%| F|  |TAMS 0x0000000085700000, 0x0000000085700000| Untracked 
|  22|0x0000000085800000, 0x0000000085800000, 0x0000000085900000|  0%| F|  |TAMS 0x0000000085800000, 0x0000000085800000| Untracked 
|  23|0x0000000085900000, 0x0000000085900000, 0x0000000085a00000|  0%| F|  |TAMS 0x0000000085900000, 0x0000000085900000| Untracked 
|  24|0x0000000085a00000, 0x0000000085a00000, 0x0000000085b00000|  0%| F|  |TAMS 0x0000000085a00000, 0x0000000085a00000| Untracked 
|  25|0x0000000085b00000, 0x0000000085b00000, 0x0000000085c00000|  0%| F|  |TAMS 0x0000000085b00000, 0x0000000085b00000| Untracked 
|  26|0x0000000085c00000, 0x0000000085c00000, 0x0000000085d00000|  0%| F|  |TAMS 0x0000000085c00000, 0x0000000085c00000| Untracked 
|  27|0x0000000085d00000, 0x0000000085d00000, 0x0000000085e00000|  0%| F|  |TAMS 0x0000000085d00000, 0x0000000085d00000| Untracked 
|  28|0x0000000085e00000, 0x0000000085e00000, 0x0000000085f00000|  0%| F|  |TAMS 0x0000000085e00000, 0x0000000085e00000| Untracked 
|  29|0x0000000085f00000, 0x0000000085f00000, 0x0000000086000000|  0%| F|  |TAMS 0x0000000085f00000, 0x0000000085f00000| Untracked 
|  30|0x0000000086000000, 0x0000000086000000, 0x0000000086100000|  0%| F|  |TAMS 0x0000000086000000, 0x0000000086000000| Untracked 
|  31|0x0000000086100000, 0x0000000086100000, 0x0000000086200000|  0%| F|  |TAMS 0x0000000086100000, 0x0000000086100000| Untracked 
|  32|0x0000000086200000, 0x0000000086200000, 0x0000000086300000|  0%| F|  |TAMS 0x0000000086200000, 0x0000000086200000| Untracked 
|  33|0x0000000086300000, 0x0000000086300000, 0x0000000086400000|  0%| F|  |TAMS 0x0000000086300000, 0x0000000086300000| Untracked 
|  34|0x0000000086400000, 0x0000000086400000, 0x0000000086500000|  0%| F|  |TAMS 0x0000000086400000, 0x0000000086400000| Untracked 
|  35|0x0000000086500000, 0x0000000086500000, 0x0000000086600000|  0%| F|  |TAMS 0x0000000086500000, 0x0000000086500000| Untracked 
|  36|0x0000000086600000, 0x0000000086600000, 0x0000000086700000|  0%| F|  |TAMS 0x0000000086600000, 0x0000000086600000| Untracked 
|  37|0x0000000086700000, 0x0000000086700000, 0x0000000086800000|  0%| F|  |TAMS 0x0000000086700000, 0x0000000086700000| Untracked 
|  38|0x0000000086800000, 0x0000000086800000, 0x0000000086900000|  0%| F|  |TAMS 0x0000000086800000, 0x0000000086800000| Untracked 
|  39|0x0000000086900000, 0x0000000086900000, 0x0000000086a00000|  0%| F|  |TAMS 0x0000000086900000, 0x0000000086900000| Untracked 
|  40|0x0000000086a00000, 0x0000000086a00000, 0x0000000086b00000|  0%| F|  |TAMS 0x0000000086a00000, 0x0000000086a00000| Untracked 
|  41|0x0000000086b00000, 0x0000000086b00000, 0x0000000086c00000|  0%| F|  |TAMS 0x0000000086b00000, 0x0000000086b00000| Untracked 
|  42|0x0000000086c00000, 0x0000000086c00000, 0x0000000086d00000|  0%| F|  |TAMS 0x0000000086c00000, 0x0000000086c00000| Untracked 
|  43|0x0000000086d00000, 0x0000000086d00000, 0x0000000086e00000|  0%| F|  |TAMS 0x0000000086d00000, 0x0000000086d00000| Untracked 
|  44|0x0000000086e00000, 0x0000000086e00000, 0x0000000086f00000|  0%| F|  |TAMS 0x0000000086e00000, 0x0000000086e00000| Untracked 
|  45|0x0000000086f00000, 0x0000000086f00000, 0x0000000087000000|  0%| F|  |TAMS 0x0000000086f00000, 0x0000000086f00000| Untracked 
|  46|0x0000000087000000, 0x0000000087000000, 0x0000000087100000|  0%| F|  |TAMS 0x0000000087000000, 0x0000000087000000| Untracked 
|  47|0x0000000087100000, 0x0000000087100000, 0x0000000087200000|  0%| F|  |TAMS 0x0000000087100000, 0x0000000087100000| Untracked 
|  48|0x0000000087200000, 0x0000000087200000, 0x0000000087300000|  0%| F|  |TAMS 0x0000000087200000, 0x0000000087200000| Untracked 
|  49|0x0000000087300000, 0x0000000087300000, 0x0000000087400000|  0%| F|  |TAMS 0x0000000087300000, 0x0000000087300000| Untracked 
|  50|0x0000000087400000, 0x0000000087400000, 0x0000000087500000|  0%| F|  |TAMS 0x0000000087400000, 0x0000000087400000| Untracked 
|  51|0x0000000087500000, 0x0000000087500000, 0x0000000087600000|  0%| F|  |TAMS 0x0000000087500000, 0x0000000087500000| Untracked 
|  52|0x0000000087600000, 0x0000000087600000, 0x0000000087700000|  0%| F|  |TAMS 0x0000000087600000, 0x0000000087600000| Untracked 
|  53|0x0000000087700000, 0x0000000087700000, 0x0000000087800000|  0%| F|  |TAMS 0x0000000087700000, 0x0000000087700000| Untracked 
|  54|0x0000000087800000, 0x0000000087800000, 0x0000000087900000|  0%| F|  |TAMS 0x0000000087800000, 0x0000000087800000| Untracked 
|  55|0x0000000087900000, 0x0000000087900000, 0x0000000087a00000|  0%| F|  |TAMS 0x0000000087900000, 0x0000000087900000| Untracked 
|  56|0x0000000087a00000, 0x0000000087a00000, 0x0000000087b00000|  0%| F|  |TAMS 0x0000000087a00000, 0x0000000087a00000| Untracked 
|  57|0x0000000087b00000, 0x0000000087b00000, 0x0000000087c00000|  0%| F|  |TAMS 0x0000000087b00000, 0x0000000087b00000| Untracked 
|  58|0x0000000087c00000, 0x0000000087c00000, 0x0000000087d00000|  0%| F|  |TAMS 0x0000000087c00000, 0x0000000087c00000| Untracked 
|  59|0x0000000087d00000, 0x0000000087d00000, 0x0000000087e00000|  0%| F|  |TAMS 0x0000000087d00000, 0x0000000087d00000| Untracked 
|  60|0x0000000087e00000, 0x0000000087e00000, 0x0000000087f00000|  0%| F|  |TAMS 0x0000000087e00000, 0x0000000087e00000| Untracked 
|  61|0x0000000087f00000, 0x0000000087f00000, 0x0000000088000000|  0%| F|  |TAMS 0x0000000087f00000, 0x0000000087f00000| Untracked 
|  62|0x0000000088000000, 0x0000000088000000, 0x0000000088100000|  0%| F|  |TAMS 0x0000000088000000, 0x0000000088000000| Untracked 
|  63|0x0000000088100000, 0x0000000088100000, 0x0000000088200000|  0%| F|  |TAMS 0x0000000088100000, 0x0000000088100000| Untracked 
|  64|0x0000000088200000, 0x0000000088200000, 0x0000000088300000|  0%| F|  |TAMS 0x0000000088200000, 0x0000000088200000| Untracked 
|  65|0x0000000088300000, 0x0000000088300000, 0x0000000088400000|  0%| F|  |TAMS 0x0000000088300000, 0x0000000088300000| Untracked 
|  66|0x0000000088400000, 0x0000000088400000, 0x0000000088500000|  0%| F|  |TAMS 0x0000000088400000, 0x0000000088400000| Untracked 
|  67|0x0000000088500000, 0x0000000088500000, 0x0000000088600000|  0%| F|  |TAMS 0x0000000088500000, 0x0000000088500000| Untracked 
|  68|0x0000000088600000, 0x0000000088600000, 0x0000000088700000|  0%| F|  |TAMS 0x0000000088600000, 0x0000000088600000| Untracked 
|  69|0x0000000088700000, 0x0000000088700000, 0x0000000088800000|  0%| F|  |TAMS 0x0000000088700000, 0x0000000088700000| Untracked 
|  70|0x0000000088800000, 0x000000008888d8d8, 0x0000000088900000| 55%| E|  |TAMS 0x0000000088800000, 0x0000000088800000| Complete 
|  71|0x0000000088900000, 0x0000000088a00000, 0x0000000088a00000|100%| E|CS|TAMS 0x0000000088900000, 0x0000000088900000| Complete 
|  72|0x0000000088a00000, 0x0000000088b00000, 0x0000000088b00000|100%| E|CS|TAMS 0x0000000088a00000, 0x0000000088a00000| Complete 
|  73|0x0000000088b00000, 0x0000000088c00000, 0x0000000088c00000|100%| E|CS|TAMS 0x0000000088b00000, 0x0000000088b00000| Complete 
|  74|0x0000000088c00000, 0x0000000088d00000, 0x0000000088d00000|100%| E|CS|TAMS 0x0000000088c00000, 0x0000000088c00000| Complete 
|  75|0x0000000088d00000, 0x0000000088e00000, 0x0000000088e00000|100%| E|CS|TAMS 0x0000000088d00000, 0x0000000088d00000| Complete 
|  76|0x0000000088e00000, 0x0000000088f00000, 0x0000000088f00000|100%| E|CS|TAMS 0x0000000088e00000, 0x0000000088e00000| Complete 
|  77|0x0000000088f00000, 0x0000000089000000, 0x0000000089000000|100%| E|CS|TAMS 0x0000000088f00000, 0x0000000088f00000| Complete 
|  78|0x0000000089000000, 0x0000000089100000, 0x0000000089100000|100%| E|CS|TAMS 0x0000000089000000, 0x0000000089000000| Complete 
|  79|0x0000000089100000, 0x0000000089200000, 0x0000000089200000|100%| E|CS|TAMS 0x0000000089100000, 0x0000000089100000| Complete 
|  80|0x0000000089200000, 0x0000000089300000, 0x0000000089300000|100%| E|CS|TAMS 0x0000000089200000, 0x0000000089200000| Complete 
|  81|0x0000000089300000, 0x0000000089400000, 0x0000000089400000|100%| E|CS|TAMS 0x0000000089300000, 0x0000000089300000| Complete 
|  82|0x0000000089400000, 0x0000000089500000, 0x0000000089500000|100%| E|CS|TAMS 0x0000000089400000, 0x0000000089400000| Complete 
|  83|0x0000000089500000, 0x0000000089600000, 0x0000000089600000|100%| E|CS|TAMS 0x0000000089500000, 0x0000000089500000| Complete 
|  84|0x0000000089600000, 0x0000000089700000, 0x0000000089700000|100%| E|CS|TAMS 0x0000000089600000, 0x0000000089600000| Complete 
|  85|0x0000000089700000, 0x0000000089800000, 0x0000000089800000|100%| E|CS|TAMS 0x0000000089700000, 0x0000000089700000| Complete 
|  86|0x0000000089800000, 0x0000000089900000, 0x0000000089900000|100%| E|CS|TAMS 0x0000000089800000, 0x0000000089800000| Complete 
|  87|0x0000000089900000, 0x0000000089a00000, 0x0000000089a00000|100%| E|CS|TAMS 0x0000000089900000, 0x0000000089900000| Complete 
|  88|0x0000000089a00000, 0x0000000089b00000, 0x0000000089b00000|100%| E|CS|TAMS 0x0000000089a00000, 0x0000000089a00000| Complete 
|  89|0x0000000089b00000, 0x0000000089b85b50, 0x0000000089c00000| 52%| S|CS|TAMS 0x0000000089b00000, 0x0000000089b00000| Complete 
|  90|0x0000000089c00000, 0x0000000089d00000, 0x0000000089d00000|100%| S|CS|TAMS 0x0000000089c00000, 0x0000000089c00000| Complete 
|  91|0x0000000089d00000, 0x0000000089e00000, 0x0000000089e00000|100%| S|CS|TAMS 0x0000000089d00000, 0x0000000089d00000| Complete 
|  92|0x0000000089e00000, 0x0000000089f00000, 0x0000000089f00000|100%| E|CS|TAMS 0x0000000089e00000, 0x0000000089e00000| Complete 
|  93|0x0000000089f00000, 0x000000008a000000, 0x000000008a000000|100%| E|CS|TAMS 0x0000000089f00000, 0x0000000089f00000| Complete 
|  94|0x000000008a000000, 0x000000008a100000, 0x000000008a100000|100%| E|CS|TAMS 0x000000008a000000, 0x000000008a000000| Complete 
|  95|0x000000008a100000, 0x000000008a200000, 0x000000008a200000|100%| E|CS|TAMS 0x000000008a100000, 0x000000008a100000| Complete 
|  96|0x000000008a200000, 0x000000008a300000, 0x000000008a300000|100%| E|CS|TAMS 0x000000008a200000, 0x000000008a200000| Complete 
|  97|0x000000008a300000, 0x000000008a400000, 0x000000008a400000|100%| E|CS|TAMS 0x000000008a300000, 0x000000008a300000| Complete 
|  98|0x000000008a400000, 0x000000008a500000, 0x000000008a500000|100%| E|CS|TAMS 0x000000008a400000, 0x000000008a400000| Complete 
|  99|0x000000008a500000, 0x000000008a600000, 0x000000008a600000|100%| E|CS|TAMS 0x000000008a500000, 0x000000008a500000| Complete 
| 100|0x000000008a600000, 0x000000008a700000, 0x000000008a700000|100%| E|CS|TAMS 0x000000008a600000, 0x000000008a600000| Complete 
| 101|0x000000008a700000, 0x000000008a800000, 0x000000008a800000|100%| E|CS|TAMS 0x000000008a700000, 0x000000008a700000| Complete 
| 102|0x000000008a800000, 0x000000008a900000, 0x000000008a900000|100%| E|CS|TAMS 0x000000008a800000, 0x000000008a800000| Complete 
| 103|0x000000008a900000, 0x000000008aa00000, 0x000000008aa00000|100%| E|CS|TAMS 0x000000008a900000, 0x000000008a900000| Complete 
| 104|0x000000008aa00000, 0x000000008ab00000, 0x000000008ab00000|100%| E|CS|TAMS 0x000000008aa00000, 0x000000008aa00000| Complete 
| 105|0x000000008ab00000, 0x000000008ac00000, 0x000000008ac00000|100%| E|CS|TAMS 0x000000008ab00000, 0x000000008ab00000| Complete 
| 106|0x000000008ac00000, 0x000000008ad00000, 0x000000008ad00000|100%| E|CS|TAMS 0x000000008ac00000, 0x000000008ac00000| Complete 
| 107|0x000000008ad00000, 0x000000008ae00000, 0x000000008ae00000|100%| E|CS|TAMS 0x000000008ad00000, 0x000000008ad00000| Complete 
| 108|0x000000008ae00000, 0x000000008af00000, 0x000000008af00000|100%| E|CS|TAMS 0x000000008ae00000, 0x000000008ae00000| Complete 
| 109|0x000000008af00000, 0x000000008b000000, 0x000000008b000000|100%| E|CS|TAMS 0x000000008af00000, 0x000000008af00000| Complete 
| 110|0x000000008b000000, 0x000000008b100000, 0x000000008b100000|100%| E|CS|TAMS 0x000000008b000000, 0x000000008b000000| Complete 
| 111|0x000000008b100000, 0x000000008b200000, 0x000000008b200000|100%| E|CS|TAMS 0x000000008b100000, 0x000000008b100000| Complete 
| 112|0x000000008b200000, 0x000000008b300000, 0x000000008b300000|100%| E|CS|TAMS 0x000000008b200000, 0x000000008b200000| Complete 
| 113|0x000000008b300000, 0x000000008b400000, 0x000000008b400000|100%| E|CS|TAMS 0x000000008b300000, 0x000000008b300000| Complete 
| 114|0x000000008b400000, 0x000000008b500000, 0x000000008b500000|100%| E|CS|TAMS 0x000000008b400000, 0x000000008b400000| Complete 
| 115|0x000000008b500000, 0x000000008b600000, 0x000000008b600000|100%| E|CS|TAMS 0x000000008b500000, 0x000000008b500000| Complete 
| 116|0x000000008b600000, 0x000000008b700000, 0x000000008b700000|100%| E|CS|TAMS 0x000000008b600000, 0x000000008b600000| Complete 
| 117|0x000000008b700000, 0x000000008b800000, 0x000000008b800000|100%| E|CS|TAMS 0x000000008b700000, 0x000000008b700000| Complete 
| 118|0x000000008b800000, 0x000000008b900000, 0x000000008b900000|100%| E|CS|TAMS 0x000000008b800000, 0x000000008b800000| Complete 
| 119|0x000000008b900000, 0x000000008ba00000, 0x000000008ba00000|100%| E|CS|TAMS 0x000000008b900000, 0x000000008b900000| Complete 
| 120|0x000000008ba00000, 0x000000008bb00000, 0x000000008bb00000|100%| E|CS|TAMS 0x000000008ba00000, 0x000000008ba00000| Complete 
| 121|0x000000008bb00000, 0x000000008bc00000, 0x000000008bc00000|100%| E|CS|TAMS 0x000000008bb00000, 0x000000008bb00000| Complete 
| 122|0x000000008bc00000, 0x000000008bd00000, 0x000000008bd00000|100%| E|CS|TAMS 0x000000008bc00000, 0x000000008bc00000| Complete 
| 123|0x000000008bd00000, 0x000000008be00000, 0x000000008be00000|100%| E|CS|TAMS 0x000000008bd00000, 0x000000008bd00000| Complete 

Card table byte_map: [0x00000254fc690000,0x00000254fca70000] _byte_map_base: 0x00000254fc26f000

Marking Bits (Prev, Next): (CMBitMap*) 0x00000254e576b050, (CMBitMap*) 0x00000254e576b090
 Prev Bits: [0x00000254fce50000, 0x00000254fed48000)
 Next Bits: [0x0000025480000000, 0x0000025481ef8000)

Polling page: 0x00000254e36c0000

Metaspace:

Usage:
  Non-class:     17.89 MB used.
      Class:      2.50 MB used.
       Both:     20.39 MB used.

Virtual space:
  Non-class space:       24.00 MB reserved,      18.06 MB ( 75%) committed,  3 nodes.
      Class space:        1.00 GB reserved,       2.62 MB ( <1%) committed,  1 nodes.
             Both:        1.02 GB reserved,      20.69 MB (  2%) committed. 

Chunk freelists:
   Non-Class:  1.73 MB
       Class:  1.41 MB
        Both:  3.14 MB

MaxMetaspaceSize: unlimited
CompressedClassSpaceSize: 1.00 GB
Initial GC threshold: 21.00 MB
Current GC threshold: 21.00 MB
CDS: on
MetaspaceReclaimPolicy: balanced
 - commit_granule_bytes: 65536.
 - commit_granule_words: 8192.
 - virtual_space_node_default_size: 1048576.
 - enlarge_chunks_in_place: 1.
 - new_chunks_are_fully_committed: 0.
 - uncommit_free_chunks: 1.
 - use_allocation_guard: 0.
 - handle_deallocations: 1.


Internal statistics:

num_allocs_failed_limit: 0.
num_arena_births: 238.
num_arena_deaths: 0.
num_vsnodes_births: 4.
num_vsnodes_deaths: 0.
num_space_committed: 331.
num_space_uncommitted: 0.
num_chunks_returned_to_freelist: 0.
num_chunks_taken_from_freelist: 944.
num_chunk_merges: 0.
num_chunk_splits: 662.
num_chunks_enlarged: 520.
num_purges: 0.
num_inconsistent_stats: 0.

CodeHeap 'non-profiled nmethods': size=120000Kb used=1337Kb max_used=1337Kb free=118662Kb
 bounds [0x00000254f4a50000, 0x00000254f4cc0000, 0x00000254fbf80000]
CodeHeap 'profiled nmethods': size=120000Kb used=6605Kb max_used=6605Kb free=113394Kb
 bounds [0x00000254ecf80000, 0x00000254ed600000, 0x00000254f44b0000]
CodeHeap 'non-nmethods': size=5760Kb used=1280Kb max_used=1342Kb free=4479Kb
 bounds [0x00000254f44b0000, 0x00000254f4720000, 0x00000254f4a50000]
 total_blobs=3527 nmethods=3030 adapters=409
 compilation: enabled
              stopped_count=0, restarted_count=0
 full_count=0

Compilation events (20 events):
Event: 2.489 Thread 0x00000254ff75e180 nmethod 3022 0x00000254ed5d8a90 code [0x00000254ed5d8dc0, 0x00000254ed5d9fe8]
Event: 2.491 Thread 0x00000254ff75e180 3023   !   3       java.util.concurrent.CopyOnWriteArrayList::add (46 bytes)
Event: 2.492 Thread 0x00000254ff75e180 nmethod 3023 0x00000254ed5da610 code [0x00000254ed5da7e0, 0x00000254ed5dad68]
Event: 2.492 Thread 0x00000254ff75e180 3024       3       org.springframework.core.type.classreading.SimpleAnnotationMetadataReadingVisitor::visit (86 bytes)
Event: 2.494 Thread 0x00000254ff75e180 nmethod 3024 0x00000254ed5db090 code [0x00000254ed5db340, 0x00000254ed5dbfc8]
Event: 2.494 Thread 0x00000254ff75e180 3025       3       org.springframework.core.type.classreading.SimpleAnnotationMetadataReadingVisitor::visitEnd (53 bytes)
Event: 2.494 Thread 0x00000254ff75e180 nmethod 3025 0x00000254ed5dc610 code [0x00000254ed5dc820, 0x00000254ed5dce98]
Event: 2.516 Thread 0x00000254ff75e180 3027       3       java.lang.invoke.MethodHandleNatives::staticArgumentsPulled (5 bytes)
Event: 2.516 Thread 0x00000254ff75e180 nmethod 3027 0x00000254ed5dd110 code [0x00000254ed5dd2a0, 0x00000254ed5dd498]
Event: 2.516 Thread 0x00000254ff75e180 3028       3       java.lang.invoke.ConstantCallSite::<init> (17 bytes)
Event: 2.517 Thread 0x00000254ff75e180 nmethod 3028 0x00000254ed5dd510 code [0x00000254ed5dd700, 0x00000254ed5ddce8]
Event: 2.517 Thread 0x00000254ff75e180 3029       3       java.lang.invoke.CallSite::<init> (23 bytes)
Event: 2.517 Thread 0x00000254ff75e180 nmethod 3029 0x00000254ed5ddf90 code [0x00000254ed5de160, 0x00000254ed5de668]
Event: 2.517 Thread 0x00000254ff75e180 3030       3       jdk.internal.misc.Unsafe::storeStoreFence (5 bytes)
Event: 2.517 Thread 0x00000254ff75e180 nmethod 3030 0x00000254ed5de890 code [0x00000254ed5dea20, 0x00000254ed5deb38]
Event: 2.517 Thread 0x00000254ff75e180 3031       3       java.lang.invoke.BootstrapMethodInvoker::widenAndCast (47 bytes)
Event: 2.517 Thread 0x00000254ff75e180 nmethod 3031 0x00000254ed5dec10 code [0x00000254ed5dee80, 0x00000254ed5df838]
Event: 2.518 Thread 0x00000254ff75e180 3032       3       java.lang.invoke.Invokers::callSiteForm (308 bytes)
Event: 2.519 Thread 0x00000254ff75e180 nmethod 3032 0x00000254ed5dfc10 code [0x00000254ed5dff40, 0x00000254ed5e1648]
Event: 2.525 Thread 0x00000254ff75e180 3033   !   3       java.lang.invoke.BootstrapMethodInvoker::invoke (974 bytes)

GC Heap History (4 events):
Event: 0.827 GC heap before
{Heap before GC invocations=0 (full 0):
 garbage-first heap   total 126976K, used 23552K [0x0000000084200000, 0x0000000100000000)
  region size 1024K, 23 young (23552K), 0 survivors (0K)
 Metaspace       used 5641K, committed 5824K, reserved 1056768K
  class space    used 654K, committed 768K, reserved 1048576K
}
Event: 0.832 GC heap after
{Heap after GC invocations=1 (full 0):
 garbage-first heap   total 126976K, used 6656K [0x0000000084200000, 0x0000000100000000)
  region size 1024K, 3 young (3072K), 3 survivors (3072K)
 Metaspace       used 5641K, committed 5824K, reserved 1056768K
  class space    used 654K, committed 768K, reserved 1048576K
}
Event: 1.314 GC heap before
{Heap before GC invocations=1 (full 0):
 garbage-first heap   total 126976K, used 35328K [0x0000000084200000, 0x0000000100000000)
  region size 1024K, 32 young (32768K), 3 survivors (3072K)
 Metaspace       used 13132K, committed 13312K, reserved 1064960K
  class space    used 1583K, committed 1664K, reserved 1048576K
}
Event: 1.319 GC heap after
{Heap after GC invocations=2 (full 0):
 garbage-first heap   total 126976K, used 9439K [0x0000000084200000, 0x0000000100000000)
  region size 1024K, 3 young (3072K), 3 survivors (3072K)
 Metaspace       used 13132K, committed 13312K, reserved 1064960K
  class space    used 1583K, committed 1664K, reserved 1048576K
}

Deoptimization events (20 events):
Event: 2.475 Thread 0x0000025485a7d030 DEOPT PACKING pc=0x00000254ed3ebf1c sp=0x000000ee462fc7e0
Event: 2.475 Thread 0x0000025485a7d030 DEOPT UNPACKING pc=0x00000254f45066e3 sp=0x000000ee462fbda0 mode 1
Event: 2.479 Thread 0x0000025485a7d030 DEOPT PACKING pc=0x00000254ed53b521 sp=0x000000ee462fcd80
Event: 2.479 Thread 0x0000025485a7d030 DEOPT UNPACKING pc=0x00000254f45066e3 sp=0x000000ee462fc258 mode 1
Event: 2.479 Thread 0x0000025485a7d030 DEOPT PACKING pc=0x00000254ed539a4c sp=0x000000ee462fce10
Event: 2.479 Thread 0x0000025485a7d030 DEOPT UNPACKING pc=0x00000254f45066e3 sp=0x000000ee462fc3b0 mode 1
Event: 2.479 Thread 0x0000025485a7d030 DEOPT PACKING pc=0x00000254ed3ebf1c sp=0x000000ee462fcf70
Event: 2.479 Thread 0x0000025485a7d030 DEOPT UNPACKING pc=0x00000254f45066e3 sp=0x000000ee462fc530 mode 1
Event: 2.482 Thread 0x0000025485a7d030 DEOPT PACKING pc=0x00000254ed53b521 sp=0x000000ee462fcd80
Event: 2.482 Thread 0x0000025485a7d030 DEOPT UNPACKING pc=0x00000254f45066e3 sp=0x000000ee462fc258 mode 1
Event: 2.482 Thread 0x0000025485a7d030 DEOPT PACKING pc=0x00000254ed539a4c sp=0x000000ee462fce10
Event: 2.482 Thread 0x0000025485a7d030 DEOPT UNPACKING pc=0x00000254f45066e3 sp=0x000000ee462fc3b0 mode 1
Event: 2.482 Thread 0x0000025485a7d030 DEOPT PACKING pc=0x00000254ed3ebf1c sp=0x000000ee462fcf70
Event: 2.482 Thread 0x0000025485a7d030 DEOPT UNPACKING pc=0x00000254f45066e3 sp=0x000000ee462fc530 mode 1
Event: 2.490 Thread 0x0000025485a7d030 DEOPT PACKING pc=0x00000254ed53b521 sp=0x000000ee462fccf0
Event: 2.490 Thread 0x0000025485a7d030 DEOPT UNPACKING pc=0x00000254f45066e3 sp=0x000000ee462fc1c8 mode 1
Event: 2.491 Thread 0x0000025485a7d030 DEOPT PACKING pc=0x00000254ed539a4c sp=0x000000ee462fcd80
Event: 2.491 Thread 0x0000025485a7d030 DEOPT UNPACKING pc=0x00000254f45066e3 sp=0x000000ee462fc320 mode 1
Event: 2.491 Thread 0x0000025485a7d030 DEOPT PACKING pc=0x00000254ed3ebf1c sp=0x000000ee462fcee0
Event: 2.491 Thread 0x0000025485a7d030 DEOPT UNPACKING pc=0x00000254f45066e3 sp=0x000000ee462fc4a0 mode 1

Classes unloaded (0 events):
No events

Classes redefined (0 events):
No events

Internal exceptions (20 events):
Event: 1.025 Thread 0x0000025485a7d030 Exception <a 'java/lang/NoSuchMethodError'{0x000000008b410b90}: 'java.lang.Object java.lang.invoke.DirectMethodHandle$Holder.invokeVirtual(java.lang.Object, java.lang.Object, java.lang.Object)'> (0x000000008b410b90) 
thrown [s\open\src\hotspot\share\interpreter\linkResolver.cpp, line 759]
Event: 1.028 Thread 0x0000025485a7d030 Exception <a 'java/lang/NoSuchMethodError'{0x000000008b432478}: 'java.lang.Object java.lang.invoke.DirectMethodHandle$Holder.invokeStatic(java.lang.Object, java.lang.Object, long, java.lang.Object)'> (0x000000008b432478) 
thrown [s\open\src\hotspot\share\interpreter\linkResolver.cpp, line 759]
Event: 1.028 Thread 0x0000025485a7d030 Exception <a 'java/lang/NoSuchMethodError'{0x000000008b435f10}: 'java.lang.Object java.lang.invoke.DirectMethodHandle$Holder.invokeStaticInit(java.lang.Object, java.lang.Object, long, java.lang.Object)'> (0x000000008b435f10) 
thrown [s\open\src\hotspot\share\interpreter\linkResolver.cpp, line 759]
Event: 1.029 Thread 0x0000025485a7d030 Exception <a 'java/lang/NoSuchMethodError'{0x000000008b43c658}: 'java.lang.Object java.lang.invoke.DirectMethodHandle$Holder.newInvokeSpecial(java.lang.Object, java.lang.Object, long)'> (0x000000008b43c658) 
thrown [s\open\src\hotspot\share\interpreter\linkResolver.cpp, line 759]
Event: 1.029 Thread 0x0000025485a7d030 Exception <a 'java/lang/NoSuchMethodError'{0x000000008b4401c8}: 'java.lang.Object java.lang.invoke.Invokers$Holder.linkToTargetMethod(java.lang.Object, long, java.lang.Object)'> (0x000000008b4401c8) 
thrown [s\open\src\hotspot\share\interpreter\linkResolver.cpp, line 759]
Event: 1.038 Thread 0x0000025485a7d030 Exception <a 'java/lang/NoSuchMethodError'{0x000000008b492b98}: 'void java.lang.invoke.DirectMethodHandle$Holder.invokeSpecial(java.lang.Object, java.lang.Object, java.lang.Object, java.lang.Object, java.lang.Object)'> (0x000000008b492b98) 
thrown [s\open\src\hotspot\share\interpreter\linkResolver.cpp, line 759]
Event: 1.039 Thread 0x0000025485a7d030 Exception <a 'java/lang/NoSuchMethodError'{0x000000008b49b128}: 'void java.lang.invoke.DirectMethodHandle$Holder.invokeVirtual(java.lang.Object, java.lang.Object, java.lang.Object, java.lang.Object)'> (0x000000008b49b128) 
thrown [s\open\src\hotspot\share\interpreter\linkResolver.cpp, line 759]
Event: 1.071 Thread 0x0000025485a7d030 Exception <a 'java/lang/NoSuchMethodError'{0x000000008b203738}: 'void java.lang.invoke.DirectMethodHandle$Holder.invokeSpecial(java.lang.Object, java.lang.Object, java.lang.Object)'> (0x000000008b203738) 
thrown [s\open\src\hotspot\share\interpreter\linkResolver.cpp, line 759]
Event: 1.079 Thread 0x00000254857e0c20 Exception <a 'java/lang/NoClassDefFoundError'{0x000000008b26e770}: jakarta/validation/Validation> (0x000000008b26e770) 
thrown [s\open\src\hotspot\share\classfile\systemDictionary.cpp, line 245]
Event: 1.079 Thread 0x0000025485a7d030 Exception <a 'java/lang/IncompatibleClassChangeError'{0x000000008b234f10}: Found class java.lang.Object, but interface was expected> (0x000000008b234f10) 
thrown [s\open\src\hotspot\share\interpreter\linkResolver.cpp, line 826]
Event: 1.421 Thread 0x00000254857e0c20 Exception <a 'java/lang/NoSuchMethodError'{0x000000008b6b89b8}: 'long java.lang.invoke.DirectMethodHandle$Holder.invokeSpecial(java.lang.Object, java.lang.Object)'> (0x000000008b6b89b8) 
thrown [s\open\src\hotspot\share\interpreter\linkResolver.cpp, line 759]
Event: 1.423 Thread 0x00000254857e0c20 Exception <a 'java/lang/NoSuchMethodError'{0x000000008b6c3808}: 'long java.lang.invoke.DirectMethodHandle$Holder.invokeStatic(java.lang.Object, java.lang.Object)'> (0x000000008b6c3808) 
thrown [s\open\src\hotspot\share\interpreter\linkResolver.cpp, line 759]
Event: 1.423 Thread 0x00000254857e0c20 Exception <a 'java/lang/NoSuchMethodError'{0x000000008b6c6e08}: 'long java.lang.invoke.DirectMethodHandle$Holder.invokeStaticInit(java.lang.Object, java.lang.Object)'> (0x000000008b6c6e08) 
thrown [s\open\src\hotspot\share\interpreter\linkResolver.cpp, line 759]
Event: 1.425 Thread 0x00000254857e0c20 Exception <a 'java/lang/NoSuchMethodError'{0x000000008b6d49b0}: 'long java.lang.invoke.DirectMethodHandle$Holder.invokeInterface(java.lang.Object, java.lang.Object)'> (0x000000008b6d49b0) 
thrown [s\open\src\hotspot\share\interpreter\linkResolver.cpp, line 759]
Event: 1.425 Thread 0x00000254857e0c20 Exception <a 'java/lang/IncompatibleClassChangeError'{0x000000008b6d7f40}: Found class java.lang.Object, but interface was expected> (0x000000008b6d7f40) 
thrown [s\open\src\hotspot\share\interpreter\linkResolver.cpp, line 826]
Event: 1.430 Thread 0x0000025485a7d030 Exception <a 'sun/nio/fs/WindowsException'{0x000000008b504b20}> (0x000000008b504b20) 
thrown [s\open\src\hotspot\share\prims\jni.cpp, line 516]
Event: 1.432 Thread 0x0000025485a7d030 Exception <a 'java/lang/NoSuchMethodError'{0x000000008b506a60}: 'int java.lang.invoke.DirectMethodHandle$Holder.invokeSpecial(java.lang.Object, java.lang.Object, java.lang.Object, java.lang.Object, java.lang.Object)'> (0x000000008b506a60) 
thrown [s\open\src\hotspot\share\interpreter\linkResolver.cpp, line 759]
Event: 1.436 Thread 0x0000025485a7d030 Exception <a 'java/lang/NoSuchMethodError'{0x000000008b50f8f0}: 'void java.lang.invoke.DirectMethodHandle$Holder.invokeVirtual(java.lang.Object, java.lang.Object)'> (0x000000008b50f8f0) 
thrown [s\open\src\hotspot\share\interpreter\linkResolver.cpp, line 759]
Event: 1.436 Thread 0x00000254857e0c20 Exception <a 'java/lang/NoSuchMethodError'{0x000000008b5cd540}: 'java.lang.Object java.lang.invoke.DirectMethodHandle$Holder.invokeVirtual(java.lang.Object, java.lang.Object, java.lang.Object, java.lang.Object)'> (0x000000008b5cd540) 
thrown [s\open\src\hotspot\share\interpreter\linkResolver.cpp, line 759]
Event: 1.720 Thread 0x0000025485a7d030 Exception <a 'java/lang/IncompatibleClassChangeError'{0x000000008a9db938}: Found class java.lang.Object, but interface was expected> (0x000000008a9db938) 
thrown [s\open\src\hotspot\share\interpreter\linkResolver.cpp, line 826]

VM Operations (20 events):
Event: 1.157 Executing VM operation: ICBufferFull
Event: 1.158 Executing VM operation: ICBufferFull done
Event: 1.233 Executing VM operation: HandshakeAllThreads
Event: 1.233 Executing VM operation: HandshakeAllThreads done
Event: 1.314 Executing VM operation: G1CollectForAllocation
Event: 1.319 Executing VM operation: G1CollectForAllocation done
Event: 1.333 Executing VM operation: HandshakeAllThreads
Event: 1.333 Executing VM operation: HandshakeAllThreads done
Event: 1.408 Executing VM operation: HandshakeAllThreads
Event: 1.408 Executing VM operation: HandshakeAllThreads done
Event: 1.505 Executing VM operation: HandshakeAllThreads
Event: 1.505 Executing VM operation: HandshakeAllThreads done
Event: 1.539 Executing VM operation: HandshakeAllThreads
Event: 1.539 Executing VM operation: HandshakeAllThreads done
Event: 1.766 Executing VM operation: ICBufferFull
Event: 1.766 Executing VM operation: ICBufferFull done
Event: 2.075 Executing VM operation: ICBufferFull
Event: 2.075 Executing VM operation: ICBufferFull done
Event: 2.493 Executing VM operation: ICBufferFull
Event: 2.494 Executing VM operation: ICBufferFull done

Events (20 events):
Event: 1.563 loading class sun/security/provider/certpath/ldap/JdkLDAP$ProviderService done
Event: 1.563 loading class com/sun/security/sasl/Provider
Event: 1.563 loading class com/sun/security/sasl/Provider done
Event: 1.563 loading class com/sun/security/sasl/Provider$1
Event: 1.564 loading class com/sun/security/sasl/Provider$1 done
Event: 1.564 loading class com/sun/security/sasl/Provider$ProviderService
Event: 1.564 loading class com/sun/security/sasl/Provider$ProviderService done
Event: 1.567 Thread 0x00000254857e0c20 Thread exited: 0x00000254857e0c20
Event: 1.623 Thread 0x000002548626f120 Thread added: 0x000002548626f120
Event: 1.665 loading class javax/naming/ldap/LdapContext
Event: 1.665 loading class javax/naming/directory/DirContext
Event: 1.665 loading class javax/naming/directory/DirContext done
Event: 1.665 loading class javax/naming/ldap/LdapContext done
Event: 1.706 Thread 0x000002548626f120 Thread exited: 0x000002548626f120
Event: 1.923 loading class java/beans/PropertyVetoException
Event: 1.923 loading class java/beans/PropertyVetoException done
Event: 2.374 loading class java/lang/UnsupportedClassVersionError
Event: 2.375 loading class java/lang/ClassFormatError
Event: 2.375 loading class java/lang/ClassFormatError done
Event: 2.375 loading class java/lang/UnsupportedClassVersionError done


Dynamic libraries:
0x00007ff7aeea0000 - 0x00007ff7aeeb0000 	C:\Program Files\Java\jdk-17\bin\java.exe
0x00007fffd8230000 - 0x00007fffd8446000 	C:\Windows\SYSTEM32\ntdll.dll
0x00007fffd65d0000 - 0x00007fffd6694000 	C:\Windows\System32\KERNEL32.DLL
0x00007fffd5550000 - 0x00007fffd58f7000 	C:\Windows\System32\KERNELBASE.dll
0x00007fffd5b40000 - 0x00007fffd5c51000 	C:\Windows\System32\ucrtbase.dll
0x00007fffb7e70000 - 0x00007fffb7e89000 	C:\Program Files\Java\jdk-17\bin\jli.dll
0x00007fffd62c0000 - 0x00007fffd6372000 	C:\Windows\System32\ADVAPI32.dll
0x00007fffd76e0000 - 0x00007fffd7787000 	C:\Windows\System32\msvcrt.dll
0x00007fffb7aa0000 - 0x00007fffb7abb000 	C:\Program Files\Java\jdk-17\bin\VCRUNTIME140.dll
0x00007fffd7cc0000 - 0x00007fffd7d68000 	C:\Windows\System32\sechost.dll
0x00007fffd5ec0000 - 0x00007fffd5ee8000 	C:\Windows\System32\bcrypt.dll
0x00007fffd7790000 - 0x00007fffd78a5000 	C:\Windows\System32\RPCRT4.dll
0x00007fffd78b0000 - 0x00007fffd7a5e000 	C:\Windows\System32\USER32.dll
0x00007fffd5d20000 - 0x00007fffd5d46000 	C:\Windows\System32\win32u.dll
0x00007fffd6190000 - 0x00007fffd61b9000 	C:\Windows\System32\GDI32.dll
0x00007fffd5a20000 - 0x00007fffd5b39000 	C:\Windows\System32\gdi32full.dll
0x00007fffb66f0000 - 0x00007fffb6983000 	C:\Windows\WinSxS\amd64_microsoft.windows.common-controls_6595b64144ccf1df_6.0.22621.3235_none_270f74e173860f98\COMCTL32.dll
0x00007fffd5900000 - 0x00007fffd599a000 	C:\Windows\System32\msvcp_win.dll
0x00007fffce2c0000 - 0x00007fffce2ca000 	C:\Windows\SYSTEM32\VERSION.dll
0x00007fffd63c0000 - 0x00007fffd63f1000 	C:\Windows\System32\IMM32.DLL
0x00007fffc2180000 - 0x00007fffc218c000 	C:\Program Files\Java\jdk-17\bin\vcruntime140_1.dll
0x00007fff9efa0000 - 0x00007fff9f02e000 	C:\Program Files\Java\jdk-17\bin\msvcp140.dll
0x00007fff50bd0000 - 0x00007fff517ad000 	C:\Program Files\Java\jdk-17\bin\server\jvm.dll
0x00007fffd6400000 - 0x00007fffd6408000 	C:\Windows\System32\PSAPI.DLL
0x00007fffd30d0000 - 0x00007fffd3104000 	C:\Windows\SYSTEM32\WINMM.dll
0x00007fffa34d0000 - 0x00007fffa34d9000 	C:\Windows\SYSTEM32\WSOCK32.dll
0x00007fffd7be0000 - 0x00007fffd7c51000 	C:\Windows\System32\WS2_32.dll
0x00007fffd4650000 - 0x00007fffd4668000 	C:\Windows\SYSTEM32\kernel.appcore.dll
0x00007fffbbdb0000 - 0x00007fffbbdba000 	C:\Program Files\Java\jdk-17\bin\jimage.dll
0x00007fffd2e10000 - 0x00007fffd3043000 	C:\Windows\SYSTEM32\DBGHELP.DLL
0x00007fffd7e60000 - 0x00007fffd81e8000 	C:\Windows\System32\combase.dll
0x00007fffd75a0000 - 0x00007fffd7677000 	C:\Windows\System32\OLEAUT32.dll
0x00007fffd3090000 - 0x00007fffd30c2000 	C:\Windows\SYSTEM32\dbgcore.DLL
0x00007fffd59a0000 - 0x00007fffd5a19000 	C:\Windows\System32\bcryptPrimitives.dll
0x00007fffa4e60000 - 0x00007fffa4e9b000 	C:\Program Files\Java\jdk-17\bin\jdwp.dll
0x00007fffa62f0000 - 0x00007fffa6315000 	C:\Program Files\Java\jdk-17\bin\java.dll
0x00007fff991c0000 - 0x00007fff99297000 	C:\Program Files\Java\jdk-17\bin\jsvml.dll
0x00007fffd66a0000 - 0x00007fffd6efc000 	C:\Windows\System32\SHELL32.dll
0x00007fffd3470000 - 0x00007fffd3d69000 	C:\Windows\SYSTEM32\windows.storage.dll
0x00007fffd3330000 - 0x00007fffd346e000 	C:\Windows\SYSTEM32\wintypes.dll
0x00007fffd61c0000 - 0x00007fffd62b3000 	C:\Windows\System32\SHCORE.dll
0x00007fffd7c60000 - 0x00007fffd7cbe000 	C:\Windows\System32\shlwapi.dll
0x00007fffd5480000 - 0x00007fffd54a1000 	C:\Windows\SYSTEM32\profapi.dll
0x00007fffbac80000 - 0x00007fffbac8c000 	C:\Program Files\Java\jdk-17\bin\dt_socket.dll
0x00007fffd4040000 - 0x00007fffd406d000 	C:\Windows\SYSTEM32\IPHLPAPI.DLL
0x00007fffd4ad0000 - 0x00007fffd4b39000 	C:\Windows\system32\mswsock.dll
0x00007fffd4070000 - 0x00007fffd4169000 	C:\Windows\SYSTEM32\DNSAPI.dll
0x00007fffd6fb0000 - 0x00007fffd6fb9000 	C:\Windows\System32\NSI.dll
0x00007fffcd5d0000 - 0x00007fffcd5da000 	C:\Windows\System32\rasadhlp.dll
0x00007fffceaf0000 - 0x00007fffceb73000 	C:\Windows\System32\fwpuclnt.dll
0x00007fffb7a80000 - 0x00007fffb7a99000 	C:\Program Files\Java\jdk-17\bin\net.dll
0x00007fffcf9c0000 - 0x00007fffcfaf6000 	C:\Windows\SYSTEM32\WINHTTP.dll
0x00007fffb6b50000 - 0x00007fffb6b66000 	C:\Program Files\Java\jdk-17\bin\nio.dll
0x00007fffb69a0000 - 0x00007fffb69b8000 	C:\Program Files\Java\jdk-17\bin\zip.dll
0x00007fffb9ba0000 - 0x00007fffb9baa000 	C:\Program Files\Java\jdk-17\bin\management.dll
0x00007fffb7e60000 - 0x00007fffb7e6b000 	C:\Program Files\Java\jdk-17\bin\management_ext.dll
0x00007fffb7e00000 - 0x00007fffb7e0d000 	C:\Program Files\Java\jdk-17\bin\sunmscapi.dll
0x00007fffd5d50000 - 0x00007fffd5eb7000 	C:\Windows\System32\CRYPT32.dll
0x00007fffd4f10000 - 0x00007fffd4f3e000 	C:\Windows\SYSTEM32\ncrypt.dll
0x00007fffd4ed0000 - 0x00007fffd4f07000 	C:\Windows\SYSTEM32\NTASN1.dll

dbghelp: loaded successfully - version: 4.0.5 - missing functions: none
symbol engine: initialized successfully - sym options: 0x614 - pdb path: .;C:\Program Files\Java\jdk-17\bin;C:\Windows\SYSTEM32;C:\Windows\WinSxS\amd64_microsoft.windows.common-controls_6595b64144ccf1df_6.0.22621.3235_none_270f74e173860f98;C:\Program Files\Java\jdk-17\bin\server

VM Arguments:
jvm_args: -agentlib:jdwp=transport=dt_socket,server=n,suspend=y,address=localhost:57239 -XX:+ShowCodeDetailsInExceptionMessages 
java_command: com.example.login.auth.api.Application
java_class_path (initial): C:\Users\Drsil\OneDrive\Documentos\Back_end_java\login.auth.api\target\classes;C:\Users\Drsil\.m2\repository\org\springframework\boot\spring-boot-starter-data-jpa\3.2.5\spring-boot-starter-data-jpa-3.2.5.jar;C:\Users\Drsil\.m2\repository\org\springframework\boot\spring-boot-starter-aop\3.2.5\spring-boot-starter-aop-3.2.5.jar;C:\Users\Drsil\.m2\repository\org\aspectj\aspectjweaver\1.9.22\aspectjweaver-1.9.22.jar;C:\Users\Drsil\.m2\repository\org\springframework\boot\spring-boot-starter-jdbc\3.2.5\spring-boot-starter-jdbc-3.2.5.jar;C:\Users\Drsil\.m2\repository\com\zaxxer\HikariCP\5.0.1\HikariCP-5.0.1.jar;C:\Users\Drsil\.m2\repository\org\springframework\spring-jdbc\6.1.6\spring-jdbc-6.1.6.jar;C:\Users\Drsil\.m2\repository\org\hibernate\orm\hibernate-core\6.4.4.Final\hibernate-core-6.4.4.Final.jar;C:\Users\Drsil\.m2\repository\jakarta\persistence\jakarta.persistence-api\3.1.0\jakarta.persistence-api-3.1.0.jar;C:\Users\Drsil\.m2\repository\jakarta\transaction\jakarta.transaction-api\2.0.1\jakarta.transaction-api-2.0.1.jar;C:\Users\Drsil\.m2\repository\org\jboss\logging\jboss-logging\3.5.3.Final\jboss-logging-3.5.3.Final.jar;C:\Users\Drsil\.m2\repository\org\hibernate\common\hibernate-commons-annotations\6.0.6.Final\hibernate-commons-annotations-6.0.6.Final.jar;C:\Users\Drsil\.m2\repository\io\smallrye\jandex\3.1.2\jandex-3.1.2.jar;C:\Users\Drsil\.m2\repository\com\fasterxml\classmate\1.6.0\classmate-1.6.0.jar;C:\Users\Drsil\.m2\repository\net\bytebuddy\byte-buddy\1.14.13\byte-buddy-1.14.13.jar;C:\Users\Drsil\.m2\repository\org\glassfish\jaxb\jaxb-runtime\4.0.5\jaxb-runtime-4.0.5.jar;C:\Users\Drsil\.m2\repository\org\glassfish\jaxb\jaxb-core\4.0.5\jaxb-core-4.0.5.jar;C:\Users\Drsil\.m2\repository\org\eclipse\angus\angus-activation\2.0.2\angus-activation-2.0.2.jar;C:\Users\Drsil\.m2\repository\org\glassfish\jaxb\txw2\4.0.5\txw2-4.0.5.jar;C:\Users\Drsil\.m2\repository\com\sun\istack\istack-commons-runtime\4.1.2\istack-commons-runtime-4.1.2.jar
Launcher Type: SUN_STANDARD

[Global flags]
     intx CICompilerCount                          = 4                                         {product} {ergonomic}
     uint ConcGCThreads                            = 2                                         {product} {ergonomic}
     uint G1ConcRefinementThreads                  = 8                                         {product} {ergonomic}
   size_t G1HeapRegionSize                         = 1048576                                   {product} {ergonomic}
    uintx GCDrainStackTargetSize                   = 64                                        {product} {ergonomic}
   size_t InitialHeapSize                          = 130023424                                 {product} {ergonomic}
   size_t MarkStackSize                            = 4194304                                   {product} {ergonomic}
   size_t MaxHeapSize                              = 2078277632                                {product} {ergonomic}
   size_t MaxNewSize                               = 1246756864                                {product} {ergonomic}
   size_t MinHeapDeltaBytes                        = 1048576                                   {product} {ergonomic}
   size_t MinHeapSize                              = 8388608                                   {product} {ergonomic}
    uintx NonNMethodCodeHeapSize                   = 5839372                                {pd product} {ergonomic}
    uintx NonProfiledCodeHeapSize                  = 122909434                              {pd product} {ergonomic}
    uintx ProfiledCodeHeapSize                     = 122909434                              {pd product} {ergonomic}
    uintx ReservedCodeCacheSize                    = 251658240                              {pd product} {ergonomic}
     bool SegmentedCodeCache                       = true                                      {product} {ergonomic}
     bool ShowCodeDetailsInExceptionMessages       = true                                   {manageable} {command line}
   size_t SoftMaxHeapSize                          = 2078277632                             {manageable} {ergonomic}
     bool UseCompressedClassPointers               = true                           {product lp64_product} {ergonomic}
     bool UseCompressedOops                        = true                           {product lp64_product} {ergonomic}
     bool UseG1GC                                  = true                                      {product} {ergonomic}
     bool UseLargePagesIndividualAllocation        = false                                  {pd product} {ergonomic}

Logging:
Log output configuration:
 #0: stdout all=warning uptime,level,tags
 #1: stderr all=off uptime,level,tags

Environment Variables:
PATH=C:\Program Files\Common Files\Oracle\Java\javapath;C:\Windows\system32;C:\Windows;C:\Windows\System32\Wbem;C:\Windows\System32\WindowsPowerShell\v1.0\;C:\Windows\System32\OpenSSH\;C:\Program Files\dotnet\;C:\Program Files\Git\cmd;C:\Program Files\nodejs\;C:\Program Files\Docker\Docker\resources\bin;C:\Program Files\Amazon\AWSCLIV2\;C:\Program Files\MySQL\MySQL Shell 8.0\bin\;C:\Users\Drsil\AppData\Local\Microsoft\WindowsApps;C:\Users\Drsil\AppData\Local\Programs\Microsoft VS Code\bin;C:\Users\Drsil\AppData\Roaming\npm;C:\Program Files\nodejs;
USERNAME=Drsil
LANG=en_US.UTF-8
OS=Windows_NT
PROCESSOR_IDENTIFIER=Intel64 Family 6 Model 140 Stepping 1, GenuineIntel



---------------  S Y S T E M  ---------------

OS:
 Windows 11 , 64 bit Build 22621 (10.0.22621.3374)
OS uptime: 16 days 9:04 hours
Hyper-V role detected

CPU: total 8 (initial active 8) (4 cores per cpu, 2 threads per core) family 6 model 140 stepping 1 microcode 0xb4, cx8, cmov, fxsr, ht, mmx, 3dnowpref, sse, sse2, sse3, ssse3, sse4.1, sse4.2, popcnt, lzcnt, tsc, tscinvbit, avx, avx2, aes, erms, clmul, bmi1, bmi2, adx, avx512f, avx512dq, avx512cd, avx512bw, avx512vl, sha, fma, vzeroupper, avx512_vpopcntdq, avx512_vpclmulqdq, avx512_vaes, avx512_vnni, clflush, clflushopt, clwb, avx512_vbmi2, avx512_vbmi, hv

Memory: 4k page, system-wide physical 7926M (356M free)
TotalPageFile size 32502M (AvailPageFile size 0M)
current process WorkingSet (physical memory assigned to process): 166M, peak: 168M
current process commit charge ("private bytes"): 277M, peak: 279M

vm_info: Java HotSpot(TM) 64-Bit Server VM (17.0.7+8-LTS-224) for windows-amd64 JRE (17.0.7+8-LTS-224), built on Feb 28 2023 23:03:02 by "mach5one" with MS VC++ 17.1 (VS2022)

END.
