#
# There is insufficient memory for the Java Runtime Environment to continue.
# Native memory allocation (malloc) failed to allocate 32744 bytes for ChunkPool::allocate
# Possible reasons:
#   The system is out of physical RAM or swap space
#   The process is running with CompressedOops enabled, and the Java Heap may be blocking the growth of the native heap
# Possible solutions:
#   Reduce memory load on the system
#   Increase physical memory or swap space
#   Check if swap backing store is full
#   Decrease Java heap size (-Xmx/-Xms)
#   Decrease number of Java threads
#   Decrease Java thread stack sizes (-Xss)
#   Set larger code cache with -XX:ReservedCodeCacheSize=
#   JVM is running with Unscaled Compressed Oops mode in which the Java heap is
#     placed in the first 4GB address space. The Java Heap base address is the
#     maximum limit for the native heap growth. Please use -XX:HeapBaseMinAddress
#     to set the Java Heap base and to place the Java Heap above 4GB virtual address.
# This output file may be truncated or incomplete.
#
#  Out of Memory Error (arena.cpp:78), pid=31780, tid=12208
#
# JRE version: Java(TM) SE Runtime Environment (17.0.7+8) (build 17.0.7+8-LTS-224)
# Java VM: Java HotSpot(TM) 64-Bit Server VM (17.0.7+8-LTS-224, mixed mode, sharing, tiered, compressed oops, compressed class ptrs, g1 gc, windows-amd64)
# No core dump will be written. Minidumps are not enabled by default on client versions of Windows
#

---------------  S U M M A R Y ------------

Command Line: -agentlib:jdwp=transport=dt_socket,server=n,suspend=y,address=localhost:57143 -XX:+ShowCodeDetailsInExceptionMessages com.example.login.auth.api.Application

Host: 11th Gen Intel(R) Core(TM) i5-1135G7 @ 2.40GHz, 8 cores, 7G,  Windows 11 , 64 bit Build 22621 (10.0.22621.3374)
Time: Tue May 21 23:04:25 2024 Hora oficial do Brasil elapsed time: 7.473948 seconds (0d 0h 0m 7s)

---------------  T H R E A D  ---------------

Current thread (0x0000025f97102230):  JavaThread "C2 CompilerThread0" daemon [_thread_in_native, id=12208, stack(0x000000c7cf300000,0x000000c7cf400000)]


Current CompileTask:
C2:   7474 4516   !   4       org.springframework.core.annotation.AnnotationsScanner::processClassHierarchy (234 bytes)

Stack: [0x000000c7cf300000,0x000000c7cf400000]
Native frames: (J=compiled Java code, j=interpreted, Vv=VM code, C=native code)
V  [jvm.dll+0x676a4a]
V  [jvm.dll+0x7d74f4]
V  [jvm.dll+0x7d8c9e]
V  [jvm.dll+0x7d9303]
V  [jvm.dll+0x2452c5]
V  [jvm.dll+0xaac80]
V  [jvm.dll+0xaafcc]
V  [jvm.dll+0x3665ed]
V  [jvm.dll+0x560a46]
V  [jvm.dll+0x1bb570]
V  [jvm.dll+0x217c27]
V  [jvm.dll+0x216f01]
V  [jvm.dll+0x1a35e0]
V  [jvm.dll+0x226a6e]
V  [jvm.dll+0x224e15]
V  [jvm.dll+0x78d05c]
V  [jvm.dll+0x78759a]
V  [jvm.dll+0x675875]
C  [ucrtbase.dll+0x29333]
C  [KERNEL32.DLL+0x1257d]
C  [ntdll.dll+0x5aa48]


---------------  P R O C E S S  ---------------

Threads class SMR info:
_java_thread_list=0x0000025f99c0ba00, length=20, elements={
0x0000025ff90a8be0, 0x0000025f970e99b0, 0x0000025f970ea360, 0x0000025f970fd530,
0x0000025f970fddf0, 0x0000025f97100cd0, 0x0000025f97101590, 0x0000025f97102230,
0x0000025f97102be0, 0x0000025f97107900, 0x0000025f97d41e20, 0x0000025f97d4e800,
0x0000025f97d51000, 0x0000025f97d537d0, 0x0000025f97d56060, 0x0000025f9867f410,
0x0000025f9867ef40, 0x0000025f986815c0, 0x0000025f98681a90, 0x0000025f9867e0d0
}

Java Threads: ( => current thread )
  0x0000025ff90a8be0 JavaThread "main" [_thread_blocked, id=3892, stack(0x000000c7ce600000,0x000000c7ce700000)]
  0x0000025f970e99b0 JavaThread "Reference Handler" daemon [_thread_blocked, id=5816, stack(0x000000c7ced00000,0x000000c7cee00000)]
  0x0000025f970ea360 JavaThread "Finalizer" daemon [_thread_blocked, id=36712, stack(0x000000c7cee00000,0x000000c7cef00000)]
  0x0000025f970fd530 JavaThread "Signal Dispatcher" daemon [_thread_blocked, id=8108, stack(0x000000c7cef00000,0x000000c7cf000000)]
  0x0000025f970fddf0 JavaThread "Attach Listener" daemon [_thread_blocked, id=37156, stack(0x000000c7cf000000,0x000000c7cf100000)]
  0x0000025f97100cd0 JavaThread "Service Thread" daemon [_thread_blocked, id=19728, stack(0x000000c7cf100000,0x000000c7cf200000)]
  0x0000025f97101590 JavaThread "Monitor Deflation Thread" daemon [_thread_blocked, id=14396, stack(0x000000c7cf200000,0x000000c7cf300000)]
=>0x0000025f97102230 JavaThread "C2 CompilerThread0" daemon [_thread_in_native, id=12208, stack(0x000000c7cf300000,0x000000c7cf400000)]
  0x0000025f97102be0 JavaThread "C1 CompilerThread0" daemon [_thread_blocked, id=30256, stack(0x000000c7cf400000,0x000000c7cf500000)]
  0x0000025f97107900 JavaThread "Sweeper thread" daemon [_thread_blocked, id=14104, stack(0x000000c7cf500000,0x000000c7cf600000)]
  0x0000025f97d41e20 JavaThread "JDWP Transport Listener: dt_socket" daemon [_thread_blocked, id=31628, stack(0x000000c7cf600000,0x000000c7cf700000)]
  0x0000025f97d4e800 JavaThread "JDWP Event Helper Thread" daemon [_thread_blocked, id=20988, stack(0x000000c7cf700000,0x000000c7cf800000)]
  0x0000025f97d51000 JavaThread "JDWP Command Reader" daemon [_thread_in_native, id=32432, stack(0x000000c7cf800000,0x000000c7cf900000)]
  0x0000025f97d537d0 JavaThread "Notification Thread" daemon [_thread_blocked, id=36384, stack(0x000000c7cf900000,0x000000c7cfa00000)]
  0x0000025f97d56060 JavaThread "Common-Cleaner" daemon [_thread_blocked, id=32876, stack(0x000000c7cfb00000,0x000000c7cfc00000)]
  0x0000025f9867f410 JavaThread "Thread-0" [_thread_blocked, id=19028, stack(0x000000c7cfc00000,0x000000c7cfd00000)]
  0x0000025f9867ef40 JavaThread "restartedMain" [_thread_in_vm, id=11212, stack(0x000000c7cfd00000,0x000000c7cfe00000)]
  0x0000025f986815c0 JavaThread "PostgreSQL-JDBC-Cleaner" daemon [_thread_blocked, id=9972, stack(0x000000c7d0600000,0x000000c7d0700000)]
  0x0000025f98681a90 JavaThread "HikariPool-1 housekeeper" daemon [_thread_blocked, id=37288, stack(0x000000c7d0800000,0x000000c7d0900000)]
  0x0000025f9867e0d0 JavaThread "HikariPool-1 connection adder" daemon [_thread_in_native, id=25540, stack(0x000000c7d0900000,0x000000c7d0a00000)]

Other Threads:
  0x0000025f970e4010 VMThread "VM Thread" [stack: 0x000000c7cec00000,0x000000c7ced00000] [id=32072]
  0x0000025f970edb30 WatcherThread [stack: 0x000000c7cfa00000,0x000000c7cfb00000] [id=21464]
  0x0000025ff910b790 GCTaskThread "GC Thread#0" [stack: 0x000000c7ce700000,0x000000c7ce800000] [id=22156]
  0x0000025f98ff8ba0 GCTaskThread "GC Thread#1" [stack: 0x000000c7cfe00000,0x000000c7cff00000] [id=17788]
  0x0000025f9903c440 GCTaskThread "GC Thread#2" [stack: 0x000000c7cff00000,0x000000c7d0000000] [id=37772]
  0x0000025f9903c6f0 GCTaskThread "GC Thread#3" [stack: 0x000000c7d0000000,0x000000c7d0100000] [id=32168]
  0x0000025f9903c9a0 GCTaskThread "GC Thread#4" [stack: 0x000000c7d0100000,0x000000c7d0200000] [id=36640]
  0x0000025f9903cc50 GCTaskThread "GC Thread#5" [stack: 0x000000c7d0200000,0x000000c7d0300000] [id=28648]
  0x0000025f98e283c0 GCTaskThread "GC Thread#6" [stack: 0x000000c7d0300000,0x000000c7d0400000] [id=29144]
  0x0000025f99118310 GCTaskThread "GC Thread#7" [stack: 0x000000c7d0500000,0x000000c7d0600000] [id=28508]
  0x0000025ff911bd90 ConcurrentGCThread "G1 Main Marker" [stack: 0x000000c7ce800000,0x000000c7ce900000] [id=35668]
  0x0000025ff911d6b0 ConcurrentGCThread "G1 Conc#0" [stack: 0x000000c7ce900000,0x000000c7cea00000] [id=22540]
  0x0000025f98e6b0a0 ConcurrentGCThread "G1 Conc#1" [stack: 0x000000c7d0400000,0x000000c7d0500000] [id=11976]
  0x0000025f96f624c0 ConcurrentGCThread "G1 Refine#0" [stack: 0x000000c7cea00000,0x000000c7ceb00000] [id=28580]
  0x0000025f96f62de0 ConcurrentGCThread "G1 Service" [stack: 0x000000c7ceb00000,0x000000c7cec00000] [id=4288]

Threads with active compile tasks:
C2 CompilerThread0     7502 4516   !   4       org.springframework.core.annotation.AnnotationsScanner::processClassHierarchy (234 bytes)

VM state: not at safepoint (normal execution)

VM Mutex/Monitor currently owned by a thread:  ([mutex/lock_event])
[0x0000025ff90a3ac0] Metaspace_lock - owner thread: 0x0000025f9867ef40

Heap address: 0x0000000084200000, size: 1982 MB, Compressed Oops mode: 32-bit

CDS archive(s) mapped at: [0x0000000800000000-0x0000000800bd0000-0x0000000800bd0000), size 12386304, SharedBaseAddress: 0x0000000800000000, ArchiveRelocationMode: 0.
Compressed class space mapped at: 0x0000000800c00000-0x0000000840c00000, reserved size: 1073741824
Narrow klass base: 0x0000000800000000, Narrow klass shift: 0, Narrow klass range: 0x100000000

GC Precious Log:
 CPUs: 8 total, 8 available
 Memory: 7926M
 Large Page Support: Disabled
 NUMA Support: Disabled
 Compressed Oops: Enabled (32-bit)
 Heap Region Size: 1M
 Heap Min Capacity: 8M
 Heap Initial Capacity: 124M
 Heap Max Capacity: 1982M
 Pre-touch: Disabled
 Parallel Workers: 8
 Concurrent Workers: 2
 Concurrent Refinement Workers: 8
 Periodic GC: Disabled

Heap:
 garbage-first heap   total 51200K, used 34507K [0x0000000084200000, 0x0000000100000000)
  region size 1024K, 17 young (17408K), 3 survivors (3072K)
 Metaspace       used 54478K, committed 54912K, reserved 1097728K
  class space    used 7392K, committed 7616K, reserved 1048576K

Heap Regions: E=young(eden), S=young(survivor), O=old, HS=humongous(starts), HC=humongous(continues), CS=collection set, F=free, OA=open archive, CA=closed archive, TAMS=top-at-mark-start (previous, next)
|   0|0x0000000084200000, 0x0000000084300000, 0x0000000084300000|100%|HS|  |TAMS 0x0000000084300000, 0x0000000084200000| Complete 
|   1|0x0000000084300000, 0x0000000084400000, 0x0000000084400000|100%| O|  |TAMS 0x0000000084400000, 0x0000000084300000| Untracked 
|   2|0x0000000084400000, 0x0000000084500000, 0x0000000084500000|100%| O|  |TAMS 0x0000000084500000, 0x0000000084400000| Untracked 
|   3|0x0000000084500000, 0x0000000084600000, 0x0000000084600000|100%| O|  |TAMS 0x0000000084600000, 0x0000000084500000| Untracked 
|   4|0x0000000084600000, 0x0000000084700000, 0x0000000084700000|100%| O|  |TAMS 0x0000000084700000, 0x0000000084600000| Untracked 
|   5|0x0000000084700000, 0x0000000084800000, 0x0000000084800000|100%| O|  |TAMS 0x0000000084800000, 0x0000000084700000| Untracked 
|   6|0x0000000084800000, 0x0000000084900000, 0x0000000084900000|100%| O|  |TAMS 0x0000000084900000, 0x0000000084800000| Untracked 
|   7|0x0000000084900000, 0x0000000084a00000, 0x0000000084a00000|100%| O|  |TAMS 0x0000000084a00000, 0x0000000084900000| Untracked 
|   8|0x0000000084a00000, 0x0000000084b00000, 0x0000000084b00000|100%| O|  |TAMS 0x0000000084b00000, 0x0000000084a00000| Untracked 
|   9|0x0000000084b00000, 0x0000000084c00000, 0x0000000084c00000|100%| O|  |TAMS 0x0000000084c00000, 0x0000000084b00000| Untracked 
|  10|0x0000000084c00000, 0x0000000084d00000, 0x0000000084d00000|100%| O|  |TAMS 0x0000000084d00000, 0x0000000084c00000| Untracked 
|  11|0x0000000084d00000, 0x0000000084e00000, 0x0000000084e00000|100%| O|  |TAMS 0x0000000084e00000, 0x0000000084d00000| Untracked 
|  12|0x0000000084e00000, 0x0000000084f00000, 0x0000000084f00000|100%| O|  |TAMS 0x0000000084f00000, 0x0000000084e00000| Untracked 
|  13|0x0000000084f00000, 0x0000000085000000, 0x0000000085000000|100%| O|  |TAMS 0x0000000085000000, 0x0000000084f00000| Untracked 
|  14|0x0000000085000000, 0x0000000085100000, 0x0000000085100000|100%| O|  |TAMS 0x0000000085100000, 0x0000000085000000| Untracked 
|  15|0x0000000085100000, 0x0000000085200000, 0x0000000085200000|100%| O|  |TAMS 0x0000000085200000, 0x0000000085100000| Untracked 
|  16|0x0000000085200000, 0x0000000085300000, 0x0000000085300000|100%| O|  |TAMS 0x0000000085300000, 0x0000000085200000| Untracked 
|  17|0x0000000085300000, 0x0000000085400000, 0x0000000085400000|100%| O|  |TAMS 0x0000000085306800, 0x0000000085300000| Untracked 
|  18|0x0000000085400000, 0x0000000085500000, 0x0000000085500000|100%| O|  |TAMS 0x0000000085400000, 0x0000000085400000| Untracked 
|  19|0x0000000085500000, 0x000000008557bc00, 0x0000000085600000| 48%| O|  |TAMS 0x0000000085500000, 0x0000000085500000| Untracked 
|  20|0x0000000085600000, 0x0000000085600000, 0x0000000085700000|  0%| F|  |TAMS 0x0000000085600000, 0x0000000085600000| Untracked 
|  21|0x0000000085700000, 0x0000000085700000, 0x0000000085800000|  0%| F|  |TAMS 0x0000000085700000, 0x0000000085700000| Untracked 
|  22|0x0000000085800000, 0x0000000085800000, 0x0000000085900000|  0%| F|  |TAMS 0x0000000085800000, 0x0000000085800000| Untracked 
|  23|0x0000000085900000, 0x0000000085900000, 0x0000000085a00000|  0%| F|  |TAMS 0x0000000085900000, 0x0000000085900000| Untracked 
|  24|0x0000000085a00000, 0x0000000085a00000, 0x0000000085b00000|  0%| F|  |TAMS 0x0000000085a00000, 0x0000000085a00000| Untracked 
|  25|0x0000000085b00000, 0x0000000085b00000, 0x0000000085c00000|  0%| F|  |TAMS 0x0000000085b00000, 0x0000000085b00000| Untracked 
|  26|0x0000000085c00000, 0x0000000085c37050, 0x0000000085d00000| 21%| S|CS|TAMS 0x0000000085c00000, 0x0000000085c00000| Complete 
|  27|0x0000000085d00000, 0x0000000085e00000, 0x0000000085e00000|100%| S|CS|TAMS 0x0000000085d00000, 0x0000000085d00000| Complete 
|  28|0x0000000085e00000, 0x0000000085f00000, 0x0000000085f00000|100%| S|CS|TAMS 0x0000000085e00000, 0x0000000085e00000| Complete 
|  29|0x0000000085f00000, 0x0000000085f00000, 0x0000000086000000|  0%| F|  |TAMS 0x0000000085f00000, 0x0000000085f00000| Untracked 
|  30|0x0000000086000000, 0x0000000086000000, 0x0000000086100000|  0%| F|  |TAMS 0x0000000086000000, 0x0000000086000000| Untracked 
|  31|0x0000000086100000, 0x0000000086100000, 0x0000000086200000|  0%| F|  |TAMS 0x0000000086100000, 0x0000000086100000| Untracked 
|  32|0x0000000086200000, 0x0000000086200000, 0x0000000086300000|  0%| F|  |TAMS 0x0000000086200000, 0x0000000086200000| Untracked 
|  33|0x0000000086300000, 0x0000000086300000, 0x0000000086400000|  0%| F|  |TAMS 0x0000000086300000, 0x0000000086300000| Untracked 
|  34|0x0000000086400000, 0x0000000086400000, 0x0000000086500000|  0%| F|  |TAMS 0x0000000086400000, 0x0000000086400000| Untracked 
|  35|0x0000000086500000, 0x0000000086500000, 0x0000000086600000|  0%| F|  |TAMS 0x0000000086500000, 0x0000000086500000| Untracked 
|  36|0x0000000086600000, 0x00000000866cd998, 0x0000000086700000| 80%| E|  |TAMS 0x0000000086600000, 0x0000000086600000| Complete 
|  37|0x0000000086700000, 0x0000000086800000, 0x0000000086800000|100%| E|CS|TAMS 0x0000000086700000, 0x0000000086700000| Complete 
|  38|0x0000000086800000, 0x0000000086900000, 0x0000000086900000|100%| E|CS|TAMS 0x0000000086800000, 0x0000000086800000| Complete 
|  39|0x0000000086900000, 0x0000000086a00000, 0x0000000086a00000|100%| E|CS|TAMS 0x0000000086900000, 0x0000000086900000| Complete 
|  40|0x0000000086a00000, 0x0000000086b00000, 0x0000000086b00000|100%| E|CS|TAMS 0x0000000086a00000, 0x0000000086a00000| Complete 
|  41|0x0000000086b00000, 0x0000000086c00000, 0x0000000086c00000|100%| E|CS|TAMS 0x0000000086b00000, 0x0000000086b00000| Complete 
|  58|0x0000000087c00000, 0x0000000087d00000, 0x0000000087d00000|100%| E|CS|TAMS 0x0000000087c00000, 0x0000000087c00000| Complete 
|  59|0x0000000087d00000, 0x0000000087e00000, 0x0000000087e00000|100%| E|CS|TAMS 0x0000000087d00000, 0x0000000087d00000| Complete 
|  60|0x0000000087e00000, 0x0000000087f00000, 0x0000000087f00000|100%| E|CS|TAMS 0x0000000087e00000, 0x0000000087e00000| Complete 
|  61|0x0000000087f00000, 0x0000000088000000, 0x0000000088000000|100%| E|  |TAMS 0x0000000087f00000, 0x0000000087f00000| Complete 
|  62|0x0000000088000000, 0x0000000088100000, 0x0000000088100000|100%| E|CS|TAMS 0x0000000088000000, 0x0000000088000000| Complete 
|  63|0x0000000088100000, 0x0000000088200000, 0x0000000088200000|100%| E|CS|TAMS 0x0000000088100000, 0x0000000088100000| Complete 
|  64|0x0000000088200000, 0x0000000088300000, 0x0000000088300000|100%| E|CS|TAMS 0x0000000088200000, 0x0000000088200000| Complete 
| 123|0x000000008bd00000, 0x000000008be00000, 0x000000008be00000|100%| E|CS|TAMS 0x000000008bd00000, 0x000000008bd00000| Complete 

Card table byte_map: [0x0000025ff9880000,0x0000025ff9c60000] _byte_map_base: 0x0000025ff945f000

Marking Bits (Prev, Next): (CMBitMap*) 0x0000025ff910bca0, (CMBitMap*) 0x0000025ff910bce0
 Prev Bits: [0x0000025ffa040000, 0x0000025ffbf38000)
 Next Bits: [0x0000025ffbf40000, 0x0000025ffde38000)

Polling page: 0x0000025ff8870000

Metaspace:

Usage:
  Non-class:     45.98 MB used.
      Class:      7.22 MB used.
       Both:     53.20 MB used.

Virtual space:
  Non-class space:       48.00 MB reserved,      46.19 MB ( 96%) committed,  6 nodes.
      Class space:        1.00 GB reserved,       7.44 MB ( <1%) committed,  1 nodes.
             Both:        1.05 GB reserved,      53.62 MB (  5%) committed. 

Chunk freelists:
   Non-Class:  1.17 MB
       Class:  481.00 KB
        Both:  1.64 MB

MaxMetaspaceSize: unlimited
CompressedClassSpaceSize: 1.00 GB
Initial GC threshold: 21.00 MB
Current GC threshold: 59.00 MB
CDS: on
MetaspaceReclaimPolicy: balanced
 - commit_granule_bytes: 65536.
 - commit_granule_words: 8192.
 - virtual_space_node_default_size: 1048576.
 - enlarge_chunks_in_place: 1.
 - new_chunks_are_fully_committed: 0.
 - uncommit_free_chunks: 1.
 - use_allocation_guard: 0.
 - handle_deallocations: 1.


Internal statistics:

num_allocs_failed_limit: 6.
num_arena_births: 620.
num_arena_deaths: 0.
num_vsnodes_births: 7.
num_vsnodes_deaths: 0.
num_space_committed: 858.
num_space_uncommitted: 0.
num_chunks_returned_to_freelist: 6.
num_chunks_taken_from_freelist: 2555.
num_chunk_merges: 3.
num_chunk_splits: 1898.
num_chunks_enlarged: 1534.
num_purges: 0.
num_inconsistent_stats: 0.

CodeHeap 'non-profiled nmethods': size=120000Kb used=2838Kb max_used=2838Kb free=117161Kb
 bounds [0x0000025f8f280000, 0x0000025f8f550000, 0x0000025f967b0000]
CodeHeap 'profiled nmethods': size=120000Kb used=9674Kb max_used=9674Kb free=110325Kb
 bounds [0x0000025f877b0000, 0x0000025f88130000, 0x0000025f8ece0000]
CodeHeap 'non-nmethods': size=5760Kb used=1376Kb max_used=1419Kb free=4384Kb
 bounds [0x0000025f8ece0000, 0x0000025f8ef50000, 0x0000025f8f280000]
 total_blobs=5208 nmethods=4591 adapters=529
 compilation: enabled
              stopped_count=0, restarted_count=0
 full_count=0

Compilation events (20 events):
Event: 7.382 Thread 0x0000025f97102be0 4600       2       java.util.stream.MatchOps$MatchOp::<init> (20 bytes)
Event: 7.382 Thread 0x0000025f97102be0 nmethod 4600 0x0000025f8811b690 code [0x0000025f8811b820, 0x0000025f8811ba38]
Event: 7.382 Thread 0x0000025f97102be0 4602       2       java.lang.reflect.Array::newInstance (6 bytes)
Event: 7.382 Thread 0x0000025f97102be0 nmethod 4602 0x0000025f8811bb10 code [0x0000025f8811bca0, 0x0000025f8811bda8]
Event: 7.382 Thread 0x0000025f97102be0 4601       2       java.util.stream.MatchOps$MatchOp::getOpFlags (8 bytes)
Event: 7.382 Thread 0x0000025f97102be0 nmethod 4601 0x0000025f8811be90 code [0x0000025f8811c020, 0x0000025f8811c138]
Event: 7.396 Thread 0x0000025f97102be0 4603       1       java.util.Formatter$FormatSpecifier::index (5 bytes)
Event: 7.396 Thread 0x0000025f97102be0 nmethod 4603 0x0000025f8f545010 code [0x0000025f8f5451a0, 0x0000025f8f545278]
Event: 7.408 Thread 0x0000025f97102be0 4605       2       org.springframework.core.SerializableTypeWrapper$TypeProxyInvocationHandler::invoke (364 bytes)
Event: 7.410 Thread 0x0000025f97102be0 nmethod 4605 0x0000025f8811c210 code [0x0000025f8811c5e0, 0x0000025f8811d768]
Event: 7.430 Thread 0x0000025f97102be0 4606       2       java.util.regex.Matcher::search (154 bytes)
Event: 7.431 Thread 0x0000025f97102be0 nmethod 4606 0x0000025f8811e290 code [0x0000025f8811e440, 0x0000025f8811e718]
Event: 7.432 Thread 0x0000025f97102be0 4607       3       java.util.HashMap::putVal (300 bytes)
Event: 7.433 Thread 0x0000025f97102be0 nmethod 4607 0x0000025f8811e890 code [0x0000025f8811eb40, 0x0000025f8811fe18]
Event: 7.434 Thread 0x0000025f97102be0 4608       2       java.lang.Character$UnicodeBlock::<init> (17 bytes)
Event: 7.435 Thread 0x0000025f97102be0 nmethod 4608 0x0000025f88120490 code [0x0000025f88120660, 0x0000025f88120958]
Event: 7.435 Thread 0x0000025f97102be0 4609       2       java.lang.Character$Subset::<init> (24 bytes)
Event: 7.435 Thread 0x0000025f97102be0 nmethod 4609 0x0000025f88120a90 code [0x0000025f88120c40, 0x0000025f88120e88]
Event: 7.436 Thread 0x0000025f97102be0 4611   !   2       java.util.regex.Pattern::closure (276 bytes)
Event: 7.438 Thread 0x0000025f97102be0 nmethod 4611 0x0000025f88120f90 code [0x0000025f881212e0, 0x0000025f881223a8]

GC Heap History (20 events):
Event: 1.653 GC heap before
{Heap before GC invocations=1 (full 0):
 garbage-first heap   total 126976K, used 33231K [0x0000000084200000, 0x0000000100000000)
  region size 1024K, 30 young (30720K), 3 survivors (3072K)
 Metaspace       used 12484K, committed 12736K, reserved 1064960K
  class space    used 1488K, committed 1600K, reserved 1048576K
}
Event: 1.658 GC heap after
{Heap after GC invocations=2 (full 0):
 garbage-first heap   total 126976K, used 9334K [0x0000000084200000, 0x0000000100000000)
  region size 1024K, 3 young (3072K), 3 survivors (3072K)
 Metaspace       used 12484K, committed 12736K, reserved 1064960K
  class space    used 1488K, committed 1600K, reserved 1048576K
}
Event: 2.851 GC heap before
{Heap before GC invocations=2 (full 0):
 garbage-first heap   total 126976K, used 64630K [0x0000000084200000, 0x0000000100000000)
  region size 1024K, 59 young (60416K), 3 survivors (3072K)
 Metaspace       used 21281K, committed 21504K, reserved 1073152K
  class space    used 2620K, committed 2752K, reserved 1048576K
}
Event: 2.857 GC heap after
{Heap after GC invocations=3 (full 0):
 garbage-first heap   total 126976K, used 13620K [0x0000000084200000, 0x0000000100000000)
  region size 1024K, 7 young (7168K), 7 survivors (7168K)
 Metaspace       used 21281K, committed 21504K, reserved 1073152K
  class space    used 2620K, committed 2752K, reserved 1048576K
}
Event: 3.604 GC heap before
{Heap before GC invocations=4 (full 0):
 garbage-first heap   total 51200K, used 37172K [0x0000000084200000, 0x0000000100000000)
  region size 1024K, 30 young (30720K), 7 survivors (7168K)
 Metaspace       used 25211K, committed 25600K, reserved 1073152K
  class space    used 3197K, committed 3392K, reserved 1048576K
}
Event: 3.611 GC heap after
{Heap after GC invocations=5 (full 0):
 garbage-first heap   total 51200K, used 15839K [0x0000000084200000, 0x0000000100000000)
  region size 1024K, 3 young (3072K), 3 survivors (3072K)
 Metaspace       used 25211K, committed 25600K, reserved 1073152K
  class space    used 3197K, committed 3392K, reserved 1048576K
}
Event: 3.630 GC heap before
{Heap before GC invocations=5 (full 0):
 garbage-first heap   total 51200K, used 16863K [0x0000000084200000, 0x0000000100000000)
  region size 1024K, 4 young (4096K), 3 survivors (3072K)
 Metaspace       used 25356K, committed 25728K, reserved 1073152K
  class space    used 3239K, committed 3392K, reserved 1048576K
}
Event: 3.635 GC heap after
{Heap after GC invocations=6 (full 0):
 garbage-first heap   total 51200K, used 16379K [0x0000000084200000, 0x0000000100000000)
  region size 1024K, 1 young (1024K), 1 survivors (1024K)
 Metaspace       used 25356K, committed 25728K, reserved 1073152K
  class space    used 3239K, committed 3392K, reserved 1048576K
}
Event: 4.206 GC heap before
{Heap before GC invocations=6 (full 0):
 garbage-first heap   total 51200K, used 35835K [0x0000000084200000, 0x0000000100000000)
  region size 1024K, 20 young (20480K), 1 survivors (1024K)
 Metaspace       used 28600K, committed 29056K, reserved 1081344K
  class space    used 3622K, committed 3840K, reserved 1048576K
}
Event: 4.211 GC heap after
{Heap after GC invocations=7 (full 0):
 garbage-first heap   total 51200K, used 17478K [0x0000000084200000, 0x0000000100000000)
  region size 1024K, 2 young (2048K), 2 survivors (2048K)
 Metaspace       used 28600K, committed 29056K, reserved 1081344K
  class space    used 3622K, committed 3840K, reserved 1048576K
}
Event: 4.771 GC heap before
{Heap before GC invocations=7 (full 0):
 garbage-first heap   total 51200K, used 36934K [0x0000000084200000, 0x0000000100000000)
  region size 1024K, 21 young (21504K), 2 survivors (2048K)
 Metaspace       used 32684K, committed 33088K, reserved 1081344K
  class space    used 4213K, committed 4416K, reserved 1048576K
}
Event: 4.776 GC heap after
{Heap after GC invocations=8 (full 0):
 garbage-first heap   total 51200K, used 18511K [0x0000000084200000, 0x0000000100000000)
  region size 1024K, 2 young (2048K), 2 survivors (2048K)
 Metaspace       used 32684K, committed 33088K, reserved 1081344K
  class space    used 4213K, committed 4416K, reserved 1048576K
}
Event: 5.154 GC heap before
{Heap before GC invocations=8 (full 0):
 garbage-first heap   total 51200K, used 28751K [0x0000000084200000, 0x0000000100000000)
  region size 1024K, 13 young (13312K), 2 survivors (2048K)
 Metaspace       used 35582K, committed 35968K, reserved 1081344K
  class space    used 4655K, committed 4864K, reserved 1048576K
}
Event: 5.156 GC heap after
{Heap after GC invocations=9 (full 0):
 garbage-first heap   total 51200K, used 18920K [0x0000000084200000, 0x0000000100000000)
  region size 1024K, 2 young (2048K), 2 survivors (2048K)
 Metaspace       used 35582K, committed 35968K, reserved 1081344K
  class space    used 4655K, committed 4864K, reserved 1048576K
}
Event: 6.081 GC heap before
{Heap before GC invocations=10 (full 0):
 garbage-first heap   total 51200K, used 38376K [0x0000000084200000, 0x0000000100000000)
  region size 1024K, 21 young (21504K), 2 survivors (2048K)
 Metaspace       used 40899K, committed 41344K, reserved 1089536K
  class space    used 5346K, committed 5568K, reserved 1048576K
}
Event: 6.085 GC heap after
{Heap after GC invocations=11 (full 0):
 garbage-first heap   total 51200K, used 19967K [0x0000000084200000, 0x0000000100000000)
  region size 1024K, 3 young (3072K), 3 survivors (3072K)
 Metaspace       used 40899K, committed 41344K, reserved 1089536K
  class space    used 5346K, committed 5568K, reserved 1048576K
}
Event: 6.546 GC heap before
{Heap before GC invocations=11 (full 0):
 garbage-first heap   total 51200K, used 38399K [0x0000000084200000, 0x0000000100000000)
  region size 1024K, 22 young (22528K), 3 survivors (3072K)
 Metaspace       used 46844K, committed 47296K, reserved 1097728K
  class space    used 6255K, committed 6464K, reserved 1048576K
}
Event: 6.550 GC heap after
{Heap after GC invocations=12 (full 0):
 garbage-first heap   total 51200K, used 20915K [0x0000000084200000, 0x0000000100000000)
  region size 1024K, 3 young (3072K), 3 survivors (3072K)
 Metaspace       used 46844K, committed 47296K, reserved 1097728K
  class space    used 6255K, committed 6464K, reserved 1048576K
}
Event: 7.111 GC heap before
{Heap before GC invocations=12 (full 0):
 garbage-first heap   total 51200K, used 40371K [0x0000000084200000, 0x0000000100000000)
  region size 1024K, 22 young (22528K), 3 survivors (3072K)
 Metaspace       used 51613K, committed 52160K, reserved 1097728K
  class space    used 7001K, committed 7232K, reserved 1048576K
}
Event: 7.115 GC heap after
{Heap after GC invocations=13 (full 0):
 garbage-first heap   total 51200K, used 22219K [0x0000000084200000, 0x0000000100000000)
  region size 1024K, 3 young (3072K), 3 survivors (3072K)
 Metaspace       used 51613K, committed 52160K, reserved 1097728K
  class space    used 7001K, committed 7232K, reserved 1048576K
}

Deoptimization events (20 events):
Event: 7.378 Thread 0x0000025f9867ef40 DEOPT PACKING pc=0x0000025f87cee041 sp=0x000000c7cfdfba70
Event: 7.378 Thread 0x0000025f9867ef40 DEOPT UNPACKING pc=0x0000025f8ed366e3 sp=0x000000c7cfdfaf48 mode 1
Event: 7.378 Thread 0x0000025f9867ef40 DEOPT PACKING pc=0x0000025f87bf8a04 sp=0x000000c7cfdfbb00
Event: 7.378 Thread 0x0000025f9867ef40 DEOPT UNPACKING pc=0x0000025f8ed366e3 sp=0x000000c7cfdfb0b0 mode 1
Event: 7.381 Thread 0x0000025f9867ef40 Uncommon trap: trap_request=0xffffff45 fr.pc=0x0000025f8f4ef088 relative=0x0000000000001028
Event: 7.381 Thread 0x0000025f9867ef40 Uncommon trap: reason=unstable_if action=reinterpret pc=0x0000025f8f4ef088 method=java.util.HashMap.putVal(ILjava/lang/Object;Ljava/lang/Object;ZZ)Ljava/lang/Object; @ 206 c2
Event: 7.381 Thread 0x0000025f9867ef40 DEOPT PACKING pc=0x0000025f8f4ef088 sp=0x000000c7cfdfba10
Event: 7.381 Thread 0x0000025f9867ef40 DEOPT UNPACKING pc=0x0000025f8ed35ba3 sp=0x000000c7cfdfb9d8 mode 2
Event: 7.400 Thread 0x0000025f9867ef40 DEOPT PACKING pc=0x0000025f8f4af748 sp=0x000000c7cfdfa240
Event: 7.401 Thread 0x0000025f9867ef40 DEOPT UNPACKING pc=0x0000025f8ed366e3 sp=0x000000c7cfdf96d8 mode 1
Event: 7.401 Thread 0x0000025f9867ef40 DEOPT PACKING pc=0x0000025f8f4af3d4 sp=0x000000c7cfdfabb0
Event: 7.401 Thread 0x0000025f9867ef40 DEOPT UNPACKING pc=0x0000025f8ed366e3 sp=0x000000c7cfdfa028 mode 1
Event: 7.401 Thread 0x0000025f9867ef40 DEOPT PACKING pc=0x0000025f87ff8004 sp=0x000000c7cfdfabf0
Event: 7.401 Thread 0x0000025f9867ef40 DEOPT UNPACKING pc=0x0000025f8ed366e3 sp=0x000000c7cfdfa250 mode 1
Event: 7.424 Thread 0x0000025f9867ef40 DEOPT PACKING pc=0x0000025f880c53c4 sp=0x000000c7cfdfb740
Event: 7.424 Thread 0x0000025f9867ef40 DEOPT UNPACKING pc=0x0000025f8ed366e3 sp=0x000000c7cfdfac68 mode 1
Event: 7.424 Thread 0x0000025f9867ef40 DEOPT PACKING pc=0x0000025f880a2c64 sp=0x000000c7cfdfb820
Event: 7.424 Thread 0x0000025f9867ef40 DEOPT UNPACKING pc=0x0000025f8ed366e3 sp=0x000000c7cfdfacc0 mode 1
Event: 7.424 Thread 0x0000025f9867ef40 DEOPT PACKING pc=0x0000025f880a715c sp=0x000000c7cfdfb870
Event: 7.424 Thread 0x0000025f9867ef40 DEOPT UNPACKING pc=0x0000025f8ed366e3 sp=0x000000c7cfdfad60 mode 1

Classes unloaded (0 events):
No events

Classes redefined (0 events):
No events

Internal exceptions (20 events):
Event: 6.744 Thread 0x0000025f9867ef40 Exception <a 'java/lang/NoSuchMethodError'{0x0000000086b714c0}: 'java.lang.Object java.lang.invoke.DirectMethodHandle$Holder.newInvokeSpecial(java.lang.Object, java.lang.Object, int, java.lang.Object)'> (0x0000000086b714c0) 
thrown [s\open\src\hotspot\share\interpreter\linkResolver.cpp, line 759]
Event: 6.745 Thread 0x0000025f9867ef40 Exception <a 'java/lang/NoSuchMethodError'{0x0000000086b75880}: 'java.lang.Object java.lang.invoke.Invokers$Holder.linkToTargetMethod(java.lang.Object, int, java.lang.Object, java.lang.Object)'> (0x0000000086b75880) 
thrown [s\open\src\hotspot\share\interpreter\linkResolver.cpp, line 759]
Event: 6.760 Thread 0x0000025f9867ef40 Exception <a 'java/lang/NoSuchMethodError'{0x0000000086a13a30}: 'java.lang.Object java.lang.invoke.DirectMethodHandle$Holder.newInvokeSpecial(java.lang.Object, java.lang.Object, int)'> (0x0000000086a13a30) 
thrown [s\open\src\hotspot\share\interpreter\linkResolver.cpp, line 759]
Event: 6.799 Thread 0x0000025f9867ef40 Exception <a 'java/lang/NoSuchMethodError'{0x0000000086967fc0}: 'int java.lang.invoke.DirectMethodHandle$Holder.invokeStatic(java.lang.Object, int, java.lang.Object)'> (0x0000000086967fc0) 
thrown [s\open\src\hotspot\share\interpreter\linkResolver.cpp, line 759]
Event: 6.802 Thread 0x0000025f9867ef40 Exception <a 'java/lang/NoSuchMethodError'{0x0000000086988250}: 'java.lang.Object java.lang.invoke.DirectMethodHandle$Holder.newInvokeSpecial(java.lang.Object, java.lang.Object, java.lang.Object, java.lang.Object, java.lang.Object, int, java.lang.Object)'> (0x0000000086988250) 
thrown [s\open\src\hotspot\share\interpreter\linkResolver.cpp, line 759]
Event: 6.807 Thread 0x0000025f9867ef40 Exception <a 'java/lang/NoSuchMethodError'{0x00000000869bfb28}: 'java.lang.Object java.lang.invoke.DirectMethodHandle$Holder.newInvokeSpecial(java.lang.Object, java.lang.Object, java.lang.Object, java.lang.Object, java.lang.Object, java.lang.Object, java.lang.Object, java.lang.Object, java.lang.Object, java.lang.Object, java.lang.Object, java.lang.Object)'> (0x00000000869bfb28) 
thrown [s\open\src\hotspot\share\interpreter\linkResolver.cpp, line 759]
Event: 6.807 Thread 0x0000025f9867ef40 Exception <a 'java/lang/NoSuchMethodError'{0x00000000869c4db8}: 'java.lang.Object java.lang.invoke.DirectMethodHandle$Holder.invokeSpecial(java.lang.Object, java.lang.Object, java.lang.Object, java.lang.Object, java.lang.Object, java.lang.Object, java.lang.Object, java.lang.Object, java.lang.Object, java.lang.Object, java.lang.Object, java.lang.Object, java.lang.Object)'> (0x00000000869c4db8) 
thrown [s\open\src\hotspot\share\interpreter\linkResolver.cpp, line 759]
Event: 6.807 Thread 0x0000025f9867ef40 Exception <a 'java/lang/NoSuchMethodError'{0x00000000869c9cc8}: 'java.lang.Object java.lang.invoke.Invokers$Holder.linkToTargetMethod(java.lang.Object, java.lang.Object, java.lang.Object, java.lang.Object, java.lang.Object, java.lang.Object, java.lang.Object, java.lang.Object, java.lang.Object, java.lang.Object, java.lang.Object, java.lang.Object)'> (0x00000000869c9cc8) 
thrown [s\open\src\hotspot\share\interpreter\linkResolver.cpp, line 759]
Event: 6.841 Thread 0x0000025f9867ef40 Exception <a 'java/lang/NoSuchMethodError'{0x0000000086776910}: 'java.lang.Object java.lang.invoke.DirectMethodHandle$Holder.newInvokeSpecial(java.lang.Object, java.lang.Object, java.lang.Object, java.lang.Object, java.lang.Object, java.lang.Object)'> (0x0000000086776910) 
thrown [s\open\src\hotspot\share\interpreter\linkResolver.cpp, line 759]
Event: 6.857 Thread 0x0000025f9867ef40 Exception <a 'java/lang/NoSuchMethodError'{0x00000000867e7d00}: 'java.lang.Object java.lang.invoke.DirectMethodHandle$Holder.newInvokeSpecial(java.lang.Object, java.lang.Object, java.lang.Object, java.lang.Object, java.lang.Object, java.lang.Object, java.lang.Object, int)'> (0x00000000867e7d00) 
thrown [s\open\src\hotspot\share\interpreter\linkResolver.cpp, line 759]
Event: 6.858 Thread 0x0000025f9867ef40 Exception <a 'java/lang/NoSuchMethodError'{0x00000000867ed4f0}: 'java.lang.Object java.lang.invoke.DirectMethodHandle$Holder.invokeSpecial(java.lang.Object, java.lang.Object, java.lang.Object, java.lang.Object, java.lang.Object, java.lang.Object, java.lang.Object, java.lang.Object, int)'> (0x00000000867ed4f0) 
thrown [s\open\src\hotspot\share\interpreter\linkResolver.cpp, line 759]
Event: 6.858 Thread 0x0000025f9867ef40 Exception <a 'java/lang/NoSuchMethodError'{0x00000000867f27b0}: 'java.lang.Object java.lang.invoke.Invokers$Holder.linkToTargetMethod(java.lang.Object, java.lang.Object, java.lang.Object, java.lang.Object, java.lang.Object, java.lang.Object, int, java.lang.Object)'> (0x00000000867f27b0) 
thrown [s\open\src\hotspot\share\interpreter\linkResolver.cpp, line 759]
Event: 6.881 Thread 0x0000025f9867ef40 Exception <a 'java/lang/NoSuchMethodError'{0x00000000866c1cc8}: 'void java.lang.invoke.DirectMethodHandle$Holder.invokeInterface(java.lang.Object, java.lang.Object)'> (0x00000000866c1cc8) 
thrown [s\open\src\hotspot\share\interpreter\linkResolver.cpp, line 759]
Event: 7.140 Thread 0x0000025f9867ef40 Exception <a 'java/lang/IncompatibleClassChangeError'{0x000000008824b318}: Found class java.lang.Object, but interface was expected> (0x000000008824b318) 
thrown [s\open\src\hotspot\share\interpreter\linkResolver.cpp, line 826]
Event: 7.156 Thread 0x0000025f9867ef40 Exception <a 'java/lang/IncompatibleClassChangeError'{0x00000000882cf7d8}: Found class java.lang.Object, but interface was expected> (0x00000000882cf7d8) 
thrown [s\open\src\hotspot\share\interpreter\linkResolver.cpp, line 826]
Event: 7.200 Thread 0x0000025f9867ef40 Exception <a 'java/lang/IncompatibleClassChangeError'{0x0000000088036370}: Found class java.lang.Object, but interface was expected> (0x0000000088036370) 
thrown [s\open\src\hotspot\share\interpreter\linkResolver.cpp, line 826]
Event: 7.369 Thread 0x0000025f9867ef40 Exception <a 'java/lang/IncompatibleClassChangeError'{0x0000000086aba618}: Found class java.lang.Object, but interface was expected> (0x0000000086aba618) 
thrown [s\open\src\hotspot\share\interpreter\linkResolver.cpp, line 826]
Event: 7.424 Thread 0x0000025f9867ef40 Exception <a 'java/lang/reflect/InvocationTargetException'{0x0000000086716a28}> (0x0000000086716a28) 
thrown [s\open\src\hotspot\share\runtime\reflection.cpp, line 1121]
Event: 7.435 Thread 0x0000025f9867ef40 Exception <a 'java/lang/NoSuchMethodError'{0x000000008677a520}: 'int java.lang.invoke.DirectMethodHandle$Holder.invokeStatic(java.lang.Object, java.lang.Object, int)'> (0x000000008677a520) 
thrown [s\open\src\hotspot\share\interpreter\linkResolver.cpp, line 759]
Event: 7.443 Thread 0x0000025f9867ef40 Exception <a 'java/lang/IncompatibleClassChangeError'{0x00000000867c0518}: Found class java.lang.Object, but interface was expected> (0x00000000867c0518) 
thrown [s\open\src\hotspot\share\interpreter\linkResolver.cpp, line 826]

VM Operations (20 events):
Event: 4.771 Executing VM operation: G1CollectForAllocation
Event: 4.776 Executing VM operation: G1CollectForAllocation done
Event: 5.154 Executing VM operation: CollectForMetadataAllocation
Event: 5.157 Executing VM operation: CollectForMetadataAllocation done
Event: 5.172 Executing VM operation: G1Concurrent
Event: 5.174 Executing VM operation: G1Concurrent done
Event: 5.181 Executing VM operation: G1Concurrent
Event: 5.181 Executing VM operation: G1Concurrent done
Event: 6.081 Executing VM operation: G1CollectForAllocation
Event: 6.085 Executing VM operation: G1CollectForAllocation done
Event: 6.546 Executing VM operation: G1CollectForAllocation
Event: 6.550 Executing VM operation: G1CollectForAllocation done
Event: 7.110 Executing VM operation: G1CollectForAllocation
Event: 7.115 Executing VM operation: G1CollectForAllocation done
Event: 7.323 Executing VM operation: HandshakeAllThreads
Event: 7.323 Executing VM operation: HandshakeAllThreads done
Event: 7.383 Executing VM operation: HandshakeAllThreads
Event: 7.383 Executing VM operation: HandshakeAllThreads done
Event: 7.384 Executing VM operation: HandshakeAllThreads
Event: 7.384 Executing VM operation: HandshakeAllThreads done

Events (20 events):
Event: 6.141 loading class java/util/concurrent/CompletableFuture$AsynchronousCompletionTask done
Event: 6.142 loading class java/util/concurrent/CompletableFuture$Completion done
Event: 6.198 loading class java/util/concurrent/CancellationException
Event: 6.198 loading class java/util/concurrent/CancellationException done
Event: 6.645 loading class java/lang/reflect/AnnotatedArrayType
Event: 6.645 loading class java/lang/reflect/AnnotatedArrayType done
Event: 7.033 loading class java/util/stream/ReduceOps$5
Event: 7.033 loading class java/util/stream/ReduceOps$5 done
Event: 7.033 loading class java/util/stream/ReduceOps$CountingSink$OfRef
Event: 7.033 loading class java/util/stream/ReduceOps$CountingSink$OfRef done
Event: 7.076 loading class javax/naming/Reference
Event: 7.076 loading class javax/naming/Reference done
Event: 7.139 loading class java/util/concurrent/ConcurrentHashMap$TreeNode
Event: 7.140 loading class java/util/concurrent/ConcurrentHashMap$TreeNode done
Event: 7.140 loading class java/util/concurrent/ConcurrentHashMap$TreeBin
Event: 7.140 loading class java/util/concurrent/ConcurrentHashMap$TreeBin done
Event: 7.378 loading class java/lang/Package$1PackageInfoProxy
Event: 7.378 loading class java/lang/Package$1PackageInfoProxy done
Event: 7.442 loading class java/util/regex/Pattern$1
Event: 7.442 loading class java/util/regex/Pattern$1 done


Dynamic libraries:
0x00007ff607460000 - 0x00007ff607470000 	C:\Program Files\Java\jdk-17\bin\java.exe
0x00007fffd8230000 - 0x00007fffd8446000 	C:\Windows\SYSTEM32\ntdll.dll
0x00007fffd65d0000 - 0x00007fffd6694000 	C:\Windows\System32\KERNEL32.DLL
0x00007fffd5550000 - 0x00007fffd58f7000 	C:\Windows\System32\KERNELBASE.dll
0x00007fffd5b40000 - 0x00007fffd5c51000 	C:\Windows\System32\ucrtbase.dll
0x00007fffb7a80000 - 0x00007fffb7a99000 	C:\Program Files\Java\jdk-17\bin\jli.dll
0x00007fffd62c0000 - 0x00007fffd6372000 	C:\Windows\System32\ADVAPI32.dll
0x00007fffd76e0000 - 0x00007fffd7787000 	C:\Windows\System32\msvcrt.dll
0x00007fffb6b50000 - 0x00007fffb6b6b000 	C:\Program Files\Java\jdk-17\bin\VCRUNTIME140.dll
0x00007fffd7cc0000 - 0x00007fffd7d68000 	C:\Windows\System32\sechost.dll
0x00007fffd5ec0000 - 0x00007fffd5ee8000 	C:\Windows\System32\bcrypt.dll
0x00007fffd7790000 - 0x00007fffd78a5000 	C:\Windows\System32\RPCRT4.dll
0x00007fffd78b0000 - 0x00007fffd7a5e000 	C:\Windows\System32\USER32.dll
0x00007fffd5d20000 - 0x00007fffd5d46000 	C:\Windows\System32\win32u.dll
0x00007fffb66f0000 - 0x00007fffb6983000 	C:\Windows\WinSxS\amd64_microsoft.windows.common-controls_6595b64144ccf1df_6.0.22621.3235_none_270f74e173860f98\COMCTL32.dll
0x00007fffd6190000 - 0x00007fffd61b9000 	C:\Windows\System32\GDI32.dll
0x00007fffd5a20000 - 0x00007fffd5b39000 	C:\Windows\System32\gdi32full.dll
0x00007fffd5900000 - 0x00007fffd599a000 	C:\Windows\System32\msvcp_win.dll
0x00007fffce2c0000 - 0x00007fffce2ca000 	C:\Windows\SYSTEM32\VERSION.dll
0x00007fffd63c0000 - 0x00007fffd63f1000 	C:\Windows\System32\IMM32.DLL
0x00007fffbbdb0000 - 0x00007fffbbdbc000 	C:\Program Files\Java\jdk-17\bin\vcruntime140_1.dll
0x00007fff9efa0000 - 0x00007fff9f02e000 	C:\Program Files\Java\jdk-17\bin\msvcp140.dll
0x00007fff50bd0000 - 0x00007fff517ad000 	C:\Program Files\Java\jdk-17\bin\server\jvm.dll
0x00007fffd6400000 - 0x00007fffd6408000 	C:\Windows\System32\PSAPI.DLL
0x00007fffd30d0000 - 0x00007fffd3104000 	C:\Windows\SYSTEM32\WINMM.dll
0x00007fffa34d0000 - 0x00007fffa34d9000 	C:\Windows\SYSTEM32\WSOCK32.dll
0x00007fffd7be0000 - 0x00007fffd7c51000 	C:\Windows\System32\WS2_32.dll
0x00007fffd4650000 - 0x00007fffd4668000 	C:\Windows\SYSTEM32\kernel.appcore.dll
0x00007fffbac80000 - 0x00007fffbac8a000 	C:\Program Files\Java\jdk-17\bin\jimage.dll
0x00007fffd2e10000 - 0x00007fffd3043000 	C:\Windows\SYSTEM32\DBGHELP.DLL
0x00007fffd7e60000 - 0x00007fffd81e8000 	C:\Windows\System32\combase.dll
0x00007fffd75a0000 - 0x00007fffd7677000 	C:\Windows\System32\OLEAUT32.dll
0x00007fffd3090000 - 0x00007fffd30c2000 	C:\Windows\SYSTEM32\dbgcore.DLL
0x00007fffd59a0000 - 0x00007fffd5a19000 	C:\Windows\System32\bcryptPrimitives.dll
0x00007fffa4450000 - 0x00007fffa448b000 	C:\Program Files\Java\jdk-17\bin\jdwp.dll
0x00007fffa62f0000 - 0x00007fffa6315000 	C:\Program Files\Java\jdk-17\bin\java.dll
0x00007fff991c0000 - 0x00007fff99297000 	C:\Program Files\Java\jdk-17\bin\jsvml.dll
0x00007fffd66a0000 - 0x00007fffd6efc000 	C:\Windows\System32\SHELL32.dll
0x00007fffd3470000 - 0x00007fffd3d69000 	C:\Windows\SYSTEM32\windows.storage.dll
0x00007fffd3330000 - 0x00007fffd346e000 	C:\Windows\SYSTEM32\wintypes.dll
0x00007fffd61c0000 - 0x00007fffd62b3000 	C:\Windows\System32\SHCORE.dll
0x00007fffd7c60000 - 0x00007fffd7cbe000 	C:\Windows\System32\shlwapi.dll
0x00007fffd5480000 - 0x00007fffd54a1000 	C:\Windows\SYSTEM32\profapi.dll
0x00007fffb9ba0000 - 0x00007fffb9bac000 	C:\Program Files\Java\jdk-17\bin\dt_socket.dll
0x00007fffd4040000 - 0x00007fffd406d000 	C:\Windows\SYSTEM32\IPHLPAPI.DLL
0x00007fffd4ad0000 - 0x00007fffd4b39000 	C:\Windows\system32\mswsock.dll
0x00007fffd4070000 - 0x00007fffd4169000 	C:\Windows\SYSTEM32\DNSAPI.dll
0x00007fffd6fb0000 - 0x00007fffd6fb9000 	C:\Windows\System32\NSI.dll
0x00007fffcd5d0000 - 0x00007fffcd5da000 	C:\Windows\System32\rasadhlp.dll
0x00007fffceaf0000 - 0x00007fffceb73000 	C:\Windows\System32\fwpuclnt.dll
0x00007fffb69a0000 - 0x00007fffb69b9000 	C:\Program Files\Java\jdk-17\bin\net.dll
0x00007fffcf9c0000 - 0x00007fffcfaf6000 	C:\Windows\SYSTEM32\WINHTTP.dll
0x00007fffb4c50000 - 0x00007fffb4c66000 	C:\Program Files\Java\jdk-17\bin\nio.dll
0x00007fffa7250000 - 0x00007fffa7268000 	C:\Program Files\Java\jdk-17\bin\zip.dll
0x00007fffb7e60000 - 0x00007fffb7e6a000 	C:\Program Files\Java\jdk-17\bin\management.dll
0x00007fffb7e00000 - 0x00007fffb7e0b000 	C:\Program Files\Java\jdk-17\bin\management_ext.dll
0x00007fffb7810000 - 0x00007fffb781d000 	C:\Program Files\Java\jdk-17\bin\sunmscapi.dll
0x00007fffd5d50000 - 0x00007fffd5eb7000 	C:\Windows\System32\CRYPT32.dll
0x00007fffd4f10000 - 0x00007fffd4f3e000 	C:\Windows\SYSTEM32\ncrypt.dll
0x00007fffd4ed0000 - 0x00007fffd4f07000 	C:\Windows\SYSTEM32\NTASN1.dll
0x00007fffd4d60000 - 0x00007fffd4d7b000 	C:\Windows\SYSTEM32\CRYPTSP.dll
0x00007fffd45b0000 - 0x00007fffd45e5000 	C:\Windows\system32\rsaenh.dll
0x00007fffd4bf0000 - 0x00007fffd4c18000 	C:\Windows\SYSTEM32\USERENV.dll
0x00007fffd4d50000 - 0x00007fffd4d5c000 	C:\Windows\SYSTEM32\CRYPTBASE.dll
0x00007fffcf890000 - 0x00007fffcf8a9000 	C:\Windows\SYSTEM32\dhcpcsvc6.DLL
0x00007fffcf870000 - 0x00007fffcf88f000 	C:\Windows\SYSTEM32\dhcpcsvc.DLL
0x00007fffb77d0000 - 0x00007fffb77e0000 	C:\Program Files\Java\jdk-17\bin\verify.dll

dbghelp: loaded successfully - version: 4.0.5 - missing functions: none
symbol engine: initialized successfully - sym options: 0x614 - pdb path: .;C:\Program Files\Java\jdk-17\bin;C:\Windows\SYSTEM32;C:\Windows\WinSxS\amd64_microsoft.windows.common-controls_6595b64144ccf1df_6.0.22621.3235_none_270f74e173860f98;C:\Program Files\Java\jdk-17\bin\server

VM Arguments:
jvm_args: -agentlib:jdwp=transport=dt_socket,server=n,suspend=y,address=localhost:57143 -XX:+ShowCodeDetailsInExceptionMessages 
java_command: com.example.login.auth.api.Application
java_class_path (initial): C:\Users\Drsil\OneDrive\Documentos\Back_end_java\login.auth.api\target\classes;C:\Users\Drsil\.m2\repository\org\springframework\boot\spring-boot-starter-data-jpa\3.2.5\spring-boot-starter-data-jpa-3.2.5.jar;C:\Users\Drsil\.m2\repository\org\springframework\boot\spring-boot-starter-aop\3.2.5\spring-boot-starter-aop-3.2.5.jar;C:\Users\Drsil\.m2\repository\org\aspectj\aspectjweaver\1.9.22\aspectjweaver-1.9.22.jar;C:\Users\Drsil\.m2\repository\org\springframework\boot\spring-boot-starter-jdbc\3.2.5\spring-boot-starter-jdbc-3.2.5.jar;C:\Users\Drsil\.m2\repository\com\zaxxer\HikariCP\5.0.1\HikariCP-5.0.1.jar;C:\Users\Drsil\.m2\repository\org\springframework\spring-jdbc\6.1.6\spring-jdbc-6.1.6.jar;C:\Users\Drsil\.m2\repository\org\hibernate\orm\hibernate-core\6.4.4.Final\hibernate-core-6.4.4.Final.jar;C:\Users\Drsil\.m2\repository\jakarta\persistence\jakarta.persistence-api\3.1.0\jakarta.persistence-api-3.1.0.jar;C:\Users\Drsil\.m2\repository\jakarta\transaction\jakarta.transaction-api\2.0.1\jakarta.transaction-api-2.0.1.jar;C:\Users\Drsil\.m2\repository\org\jboss\logging\jboss-logging\3.5.3.Final\jboss-logging-3.5.3.Final.jar;C:\Users\Drsil\.m2\repository\org\hibernate\common\hibernate-commons-annotations\6.0.6.Final\hibernate-commons-annotations-6.0.6.Final.jar;C:\Users\Drsil\.m2\repository\io\smallrye\jandex\3.1.2\jandex-3.1.2.jar;C:\Users\Drsil\.m2\repository\com\fasterxml\classmate\1.6.0\classmate-1.6.0.jar;C:\Users\Drsil\.m2\repository\net\bytebuddy\byte-buddy\1.14.13\byte-buddy-1.14.13.jar;C:\Users\Drsil\.m2\repository\org\glassfish\jaxb\jaxb-runtime\4.0.5\jaxb-runtime-4.0.5.jar;C:\Users\Drsil\.m2\repository\org\glassfish\jaxb\jaxb-core\4.0.5\jaxb-core-4.0.5.jar;C:\Users\Drsil\.m2\repository\org\eclipse\angus\angus-activation\2.0.2\angus-activation-2.0.2.jar;C:\Users\Drsil\.m2\repository\org\glassfish\jaxb\txw2\4.0.5\txw2-4.0.5.jar;C:\Users\Drsil\.m2\repository\com\sun\istack\istack-commons-runtime\4.1.2\istack-commons-runtime-4.1.2.jar
Launcher Type: SUN_STANDARD

[Global flags]
     intx CICompilerCount                          = 4                                         {product} {ergonomic}
     uint ConcGCThreads                            = 2                                         {product} {ergonomic}
     uint G1ConcRefinementThreads                  = 8                                         {product} {ergonomic}
   size_t G1HeapRegionSize                         = 1048576                                   {product} {ergonomic}
    uintx GCDrainStackTargetSize                   = 64                                        {product} {ergonomic}
   size_t InitialHeapSize                          = 130023424                                 {product} {ergonomic}
   size_t MarkStackSize                            = 4194304                                   {product} {ergonomic}
   size_t MaxHeapSize                              = 2078277632                                {product} {ergonomic}
   size_t MaxNewSize                               = 1246756864                                {product} {ergonomic}
   size_t MinHeapDeltaBytes                        = 1048576                                   {product} {ergonomic}
   size_t MinHeapSize                              = 8388608                                   {product} {ergonomic}
    uintx NonNMethodCodeHeapSize                   = 5839372                                {pd product} {ergonomic}
    uintx NonProfiledCodeHeapSize                  = 122909434                              {pd product} {ergonomic}
    uintx ProfiledCodeHeapSize                     = 122909434                              {pd product} {ergonomic}
    uintx ReservedCodeCacheSize                    = 251658240                              {pd product} {ergonomic}
     bool SegmentedCodeCache                       = true                                      {product} {ergonomic}
     bool ShowCodeDetailsInExceptionMessages       = true                                   {manageable} {command line}
   size_t SoftMaxHeapSize                          = 2078277632                             {manageable} {ergonomic}
     bool UseCompressedClassPointers               = true                           {product lp64_product} {ergonomic}
     bool UseCompressedOops                        = true                           {product lp64_product} {ergonomic}
     bool UseG1GC                                  = true                                      {product} {ergonomic}
     bool UseLargePagesIndividualAllocation        = false                                  {pd product} {ergonomic}

Logging:
Log output configuration:
 #0: stdout all=warning uptime,level,tags
 #1: stderr all=off uptime,level,tags

Environment Variables:
PATH=C:\Program Files\Common Files\Oracle\Java\javapath;C:\Windows\system32;C:\Windows;C:\Windows\System32\Wbem;C:\Windows\System32\WindowsPowerShell\v1.0\;C:\Windows\System32\OpenSSH\;C:\Program Files\dotnet\;C:\Program Files\Git\cmd;C:\Program Files\nodejs\;C:\Program Files\Docker\Docker\resources\bin;C:\Program Files\Amazon\AWSCLIV2\;C:\Program Files\MySQL\MySQL Shell 8.0\bin\;C:\Users\Drsil\AppData\Local\Microsoft\WindowsApps;C:\Users\Drsil\AppData\Local\Programs\Microsoft VS Code\bin;C:\Users\Drsil\AppData\Roaming\npm;C:\Program Files\nodejs;
USERNAME=Drsil
LANG=en_US.UTF-8
OS=Windows_NT
PROCESSOR_IDENTIFIER=Intel64 Family 6 Model 140 Stepping 1, GenuineIntel



---------------  S Y S T E M  ---------------

OS:
 Windows 11 , 64 bit Build 22621 (10.0.22621.3374)
OS uptime: 16 days 9:03 hours
Hyper-V role detected

CPU: total 8 (initial active 8) (4 cores per cpu, 2 threads per core) family 6 model 140 stepping 1 microcode 0xb4, cx8, cmov, fxsr, ht, mmx, 3dnowpref, sse, sse2, sse3, ssse3, sse4.1, sse4.2, popcnt, lzcnt, tsc, tscinvbit, avx, avx2, aes, erms, clmul, bmi1, bmi2, adx, avx512f, avx512dq, avx512cd, avx512bw, avx512vl, sha, fma, vzeroupper, avx512_vpopcntdq, avx512_vpclmulqdq, avx512_vaes, avx512_vnni, clflush, clflushopt, clwb, avx512_vbmi2, avx512_vbmi, hv

Memory: 4k page, system-wide physical 7926M (308M free)
TotalPageFile size 32502M (AvailPageFile size 3M)
current process WorkingSet (physical memory assigned to process): 230M, peak: 230M
current process commit charge ("private bytes"): 268M, peak: 268M

vm_info: Java HotSpot(TM) 64-Bit Server VM (17.0.7+8-LTS-224) for windows-amd64 JRE (17.0.7+8-LTS-224), built on Feb 28 2023 23:03:02 by "mach5one" with MS VC++ 17.1 (VS2022)

END.
